import { createEvent as __stencil_createEvent } from "@stencil/core";
import { getConnect as __stencil_getConnect } from "@stencil/core";
import { getContext as __stencil_getContext } from "@stencil/core";
import { getElement as __stencil_getElement } from "@stencil/core";
import { Host as __stencil_Host } from "@stencil/core";
import { h as __stencil_h } from "@stencil/core";
import { registerInstance as __stencil_registerInstance } from "@stencil/core";
export class Route {
    constructor(hostRef) {
        __stencil_registerInstance(this, hostRef);
        /**
         * Relative path that needs to match in order for this route to apply.
         *
         * Accepts paths similar to expressjs so that you can define parameters
         * in the url /foo/:bar where bar would be available in incoming props.
         */
        this.url = '';
        this.ionRouteDataChanged = __stencil_createEvent(this, "ionRouteDataChanged", 7);
    }
    onUpdate(newValue) {
        this.ionRouteDataChanged.emit(newValue);
    }
    onComponentProps(newValue, oldValue) {
        if (newValue === oldValue) {
            return;
        }
        const keys1 = newValue ? Object.keys(newValue) : [];
        const keys2 = oldValue ? Object.keys(oldValue) : [];
        if (keys1.length !== keys2.length) {
            this.onUpdate(newValue);
            return;
        }
        for (const key of keys1) {
            if (newValue[key] !== oldValue[key]) {
                this.onUpdate(newValue);
                return;
            }
        }
    }
    componentDidLoad() {
        this.ionRouteDataChanged.emit();
    }
    componentDidUnload() {
        this.ionRouteDataChanged.emit();
    }
    static get watchers() { return {
        "url": ["onUpdate"],
        "component": ["onUpdate"],
        "componentProps": ["onComponentProps"]
    }; }
}
