import { createEvent as __stencil_createEvent } from "@stencil/core";
import { getConnect as __stencil_getConnect } from "@stencil/core";
import { getContext as __stencil_getContext } from "@stencil/core";
import { getElement as __stencil_getElement } from "@stencil/core";
import { Host as __stencil_Host } from "@stencil/core";
import { h as __stencil_h } from "@stencil/core";
import { registerInstance as __stencil_registerInstance } from "@stencil/core";
import { Host, h } from '@stencil/core';
/**
 * @slot - Content is placed between the named slots if provided without a slot.
 * @slot top - Content is placed at the top of the screen.
 * @slot bottom - Content is placed at the bottom of the screen.
 */
export class Tabs {
    constructor(hostRef) {
        __stencil_registerInstance(this, hostRef);
        this.transitioning = false;
        this.tabs = [];
        /** @internal */
        this.useRouter = false;
        this.onTabClicked = (ev) => {
            const { href, tab } = ev.detail;
            const selectedTab = this.tabs.find(t => t.tab === tab);
            if (this.useRouter && href !== undefined) {
                const router = document.querySelector('ion-router');
                if (router) {
                    router.push(href);
                }
            }
            else if (selectedTab) {
                this.select(selectedTab);
            }
        };
        this.ionNavWillLoad = __stencil_createEvent(this, "ionNavWillLoad", 7);
        this.ionTabsWillChange = __stencil_createEvent(this, "ionTabsWillChange", 3);
        this.ionTabsDidChange = __stencil_createEvent(this, "ionTabsDidChange", 3);
    }
    componentWillLoad() {
        if (!this.useRouter) {
            this.useRouter = !!document.querySelector('ion-router') && !this.el.closest('[no-router]');
        }
        this.tabs = Array.from(this.el.querySelectorAll('ion-tab'));
        this.initSelect().then(() => {
            this.ionNavWillLoad.emit();
            this.componentWillUpdate();
        });
    }
    componentDidUnload() {
        this.tabs.length = 0;
        this.selectedTab = this.leavingTab = undefined;
    }
    componentWillUpdate() {
        const tabBar = this.el.querySelector('ion-tab-bar');
        if (tabBar) {
            const tab = this.selectedTab ? this.selectedTab.tab : undefined;
            tabBar.selectedTab = tab;
        }
    }
    /**
     * Select a tab by the value of its `tab` property or an element reference.
     *
     * @param tab The tab instance to select. If passed a string, it should be the value of the tab's `tab` property.
     */
    async select(tab) {
        const selectedTab = await this.getTab(tab);
        if (!this.shouldSwitch(selectedTab)) {
            return false;
        }
        await this.setActive(selectedTab);
        await this.notifyRouter();
        this.tabSwitch();
        return true;
    }
    /**
     * Get a specific tab by the value of its `tab` property or an element reference.
     *
     * @param tab The tab instance to select. If passed a string, it should be the value of the tab's `tab` property.
     */
    async getTab(tab) {
        const tabEl = (typeof tab === 'string')
            ? this.tabs.find(t => t.tab === tab)
            : tab;
        if (!tabEl) {
            console.error(`tab with id: "${tabEl}" does not exist`);
        }
        return tabEl;
    }
    /**
     * Get the currently selected tab.
     */
    getSelected() {
        return Promise.resolve(this.selectedTab ? this.selectedTab.tab : undefined);
    }
    /** @internal */
    async setRouteId(id) {
        const selectedTab = await this.getTab(id);
        if (!this.shouldSwitch(selectedTab)) {
            return { changed: false, element: this.selectedTab };
        }
        await this.setActive(selectedTab);
        return {
            changed: true,
            element: this.selectedTab,
            markVisible: () => this.tabSwitch(),
        };
    }
    /** @internal */
    async getRouteId() {
        const tabId = this.selectedTab && this.selectedTab.tab;
        return tabId !== undefined ? { id: tabId, element: this.selectedTab } : undefined;
    }
    async initSelect() {
        if (this.useRouter) {
            return;
        }
        // wait for all tabs to be ready
        await Promise.all(this.tabs.map(tab => tab.componentOnReady()));
        await this.select(this.tabs[0]);
    }
    setActive(selectedTab) {
        if (this.transitioning) {
            return Promise.reject('transitioning already happening');
        }
        this.transitioning = true;
        this.leavingTab = this.selectedTab;
        this.selectedTab = selectedTab;
        this.ionTabsWillChange.emit({ tab: selectedTab.tab });
        return selectedTab.setActive();
    }
    tabSwitch() {
        const selectedTab = this.selectedTab;
        const leavingTab = this.leavingTab;
        this.leavingTab = undefined;
        this.transitioning = false;
        if (!selectedTab) {
            return;
        }
        if (leavingTab !== selectedTab) {
            if (leavingTab) {
                leavingTab.active = false;
            }
            this.ionTabsDidChange.emit({ tab: selectedTab.tab });
        }
    }
    notifyRouter() {
        if (this.useRouter) {
            const router = document.querySelector('ion-router');
            if (router) {
                return router.navChanged('forward');
            }
        }
        return Promise.resolve(false);
    }
    shouldSwitch(selectedTab) {
        const leavingTab = this.selectedTab;
        return selectedTab !== undefined && selectedTab !== leavingTab && !this.transitioning;
    }
    render() {
        return (h(Host, { onIonTabButtonClick: this.onTabClicked }, h("slot", { name: "top" }), h("div", { class: "tabs-inner" }, h("slot", null)), h("slot", { name: "bottom" })));
    }
    get el() { return __stencil_getElement(this); }
    static get style() { return "STYLE_TEXT_PLACEHOLDER:ion-tabs"; }
}
