import { createEvent as __stencil_createEvent } from "@stencil/core";
import { getConnect as __stencil_getConnect } from "@stencil/core";
import { getContext as __stencil_getContext } from "@stencil/core";
import { getElement as __stencil_getElement } from "@stencil/core";
import { Host as __stencil_Host } from "@stencil/core";
import { h as __stencil_h } from "@stencil/core";
import { registerInstance as __stencil_registerInstance } from "@stencil/core";
import { h } from '@stencil/core';
import { config } from '../../global/config';
import { getIonMode } from '../../global/ionic-global';
import { sanitizeDOMString } from '../../utils/sanitization';
export class RefresherContent {
    constructor(hostRef) {
        __stencil_registerInstance(this, hostRef);
    }
    componentWillLoad() {
        if (this.pullingIcon === undefined) {
            this.pullingIcon = config.get('refreshingIcon', 'arrow-down');
        }
        if (this.refreshingSpinner === undefined) {
            const mode = getIonMode(this);
            this.refreshingSpinner = config.get('refreshingSpinner', config.get('spinner', mode === 'ios' ? 'lines' : 'crescent'));
        }
    }
    hostData() {
        const mode = getIonMode(this);
        return {
            class: {
                [mode]: true,
            }
        };
    }
    __stencil_render() {
        return [
            h("div", { class: "refresher-pulling" }, this.pullingIcon &&
                h("div", { class: "refresher-pulling-icon" }, h("ion-icon", { icon: this.pullingIcon, lazy: false })), this.pullingText &&
                h("div", { class: "refresher-pulling-text", innerHTML: sanitizeDOMString(this.pullingText) })),
            h("div", { class: "refresher-refreshing" }, this.refreshingSpinner &&
                h("div", { class: "refresher-refreshing-icon" }, h("ion-spinner", { name: this.refreshingSpinner })), this.refreshingText &&
                h("div", { class: "refresher-refreshing-text", innerHTML: sanitizeDOMString(this.refreshingText) }))
        ];
    }
    render() { return __stencil_h(__stencil_Host, this.hostData(), this.__stencil_render()); }
}
