import { createEvent as __stencil_createEvent } from "@stencil/core";
import { getConnect as __stencil_getConnect } from "@stencil/core";
import { getContext as __stencil_getContext } from "@stencil/core";
import { getElement as __stencil_getElement } from "@stencil/core";
import { Host as __stencil_Host } from "@stencil/core";
import { h as __stencil_h } from "@stencil/core";
import { registerInstance as __stencil_registerInstance } from "@stencil/core";
import { h } from '@stencil/core';
import { getIonMode } from '../../global/ionic-global';
import { dismiss, eventMethod, isCancel, present, safeCall } from '../../utils/overlays';
import { sanitizeDOMString } from '../../utils/sanitization';
import { createColorClasses, getClassMap } from '../../utils/theme';
import { iosEnterAnimation } from './animations/ios.enter';
import { iosLeaveAnimation } from './animations/ios.leave';
import { mdEnterAnimation } from './animations/md.enter';
import { mdLeaveAnimation } from './animations/md.leave';
/**
 * @virtualProp {"ios" | "md"} mode - The mode determines which platform styles to use.
 */
export class Toast {
    constructor(hostRef) {
        __stencil_registerInstance(this, hostRef);
        this.presented = false;
        this.mode = getIonMode(this);
        /**
         * How many milliseconds to wait before hiding the toast. By default, it will show
         * until `dismiss()` is called.
         */
        this.duration = 0;
        /**
         * If `true`, the keyboard will be automatically dismissed when the overlay is presented.
         */
        this.keyboardClose = false;
        /**
         * The position of the toast on the screen.
         */
        this.position = 'bottom';
        /**
         * If `true`, the close button will be displayed.
         */
        this.showCloseButton = false;
        /**
         * If `true`, the toast will be translucent.
         */
        this.translucent = false;
        /**
         * If `true`, the toast will animate.
         */
        this.animated = true;
        this.didPresent = __stencil_createEvent(this, "ionToastDidPresent", 7);
        this.willPresent = __stencil_createEvent(this, "ionToastWillPresent", 7);
        this.willDismiss = __stencil_createEvent(this, "ionToastWillDismiss", 7);
        this.didDismiss = __stencil_createEvent(this, "ionToastDidDismiss", 7);
    }
    /**
     * Present the toast overlay after it has been created.
     */
    async present() {
        await present(this, 'toastEnter', iosEnterAnimation, mdEnterAnimation, this.position);
        if (this.duration > 0) {
            this.durationTimeout = setTimeout(() => this.dismiss(undefined, 'timeout'), this.duration);
        }
    }
    /**
     * Dismiss the toast overlay after it has been presented.
     *
     * @param data Any data to emit in the dismiss events.
     * @param role The role of the element that is dismissing the toast.
     * This can be useful in a button handler for determining which button was
     * clicked to dismiss the toast.
     * Some examples include: ``"cancel"`, `"destructive"`, "selected"`, and `"backdrop"`.
     */
    dismiss(data, role) {
        if (this.durationTimeout) {
            clearTimeout(this.durationTimeout);
        }
        return dismiss(this, data, role, 'toastLeave', iosLeaveAnimation, mdLeaveAnimation, this.position);
    }
    /**
     * Returns a promise that resolves when the toast did dismiss.
     */
    onDidDismiss() {
        return eventMethod(this.el, 'ionToastDidDismiss');
    }
    /**
     * Returns a promise that resolves when the toast will dismiss.
     */
    onWillDismiss() {
        return eventMethod(this.el, 'ionToastWillDismiss');
    }
    getButtons() {
        const buttons = this.buttons
            ? this.buttons.map(b => {
                return (typeof b === 'string')
                    ? { text: b }
                    : b;
            })
            : [];
        if (this.showCloseButton) {
            buttons.push({
                text: this.closeButtonText || 'Close',
                handler: () => this.dismiss(undefined, 'cancel')
            });
        }
        return buttons;
    }
    async buttonClick(button) {
        const role = button.role;
        if (isCancel(role)) {
            return this.dismiss(undefined, role);
        }
        const shouldDismiss = await this.callButtonHandler(button);
        if (shouldDismiss) {
            return this.dismiss(undefined, button.role);
        }
        return Promise.resolve();
    }
    async callButtonHandler(button) {
        if (button && button.handler) {
            // a handler has been provided, execute it
            // pass the handler the values from the inputs
            try {
                const rtn = await safeCall(button.handler);
                if (rtn === false) {
                    // if the return value of the handler is false then do not dismiss
                    return false;
                }
            }
            catch (e) {
                console.error(e);
            }
        }
        return true;
    }
    hostData() {
        const mode = getIonMode(this);
        return {
            style: {
                zIndex: 60000 + this.overlayIndex,
            },
            class: Object.assign({ [mode]: true }, createColorClasses(this.color), getClassMap(this.cssClass), { 'toast-translucent': this.translucent })
        };
    }
    renderButtons(buttons, side) {
        if (buttons.length === 0) {
            return;
        }
        const mode = getIonMode(this);
        const buttonGroupsClasses = {
            'toast-button-group': true,
            [`toast-button-group-${side}`]: true
        };
        return (h("div", { class: buttonGroupsClasses }, buttons.map(b => h("button", { type: "button", class: buttonClass(b), tabIndex: 0, onClick: () => this.buttonClick(b) }, h("div", { class: "toast-button-inner" }, b.icon &&
            h("ion-icon", { name: b.icon, slot: b.text === undefined ? 'icon-only' : undefined, class: "toast-icon" }), b.text), mode === 'md' && h("ion-ripple-effect", { type: b.icon !== undefined && b.text === undefined ? 'unbounded' : 'bounded' })))));
    }
    __stencil_render() {
        const allButtons = this.getButtons();
        const startButtons = allButtons.filter(b => b.side === 'start');
        const endButtons = allButtons.filter(b => b.side !== 'start');
        const wrapperClass = {
            'toast-wrapper': true,
            [`toast-${this.position}`]: true
        };
        return (h("div", { class: wrapperClass }, h("div", { class: "toast-container" }, this.renderButtons(startButtons, 'start'), h("div", { class: "toast-content" }, this.header !== undefined &&
            h("div", { class: "toast-header" }, this.header), this.message !== undefined &&
            h("div", { class: "toast-message", innerHTML: sanitizeDOMString(this.message) })), this.renderButtons(endButtons, 'end'))));
    }
    get el() { return __stencil_getElement(this); }
    render() { return __stencil_h(__stencil_Host, this.hostData(), this.__stencil_render()); }
    static get style() { return "STYLE_TEXT_PLACEHOLDER:ion-toast"; }
}
const buttonClass = (button) => {
    return Object.assign({ 'toast-button': true, 'toast-button-icon-only': button.icon !== undefined && button.text === undefined, [`toast-button-${button.role}`]: button.role !== undefined, 'ion-focusable': true, 'ion-activatable': true }, getClassMap(button.cssClass));
};
