import { createEvent as __stencil_createEvent } from "@stencil/core";
import { getConnect as __stencil_getConnect } from "@stencil/core";
import { getContext as __stencil_getContext } from "@stencil/core";
import { getElement as __stencil_getElement } from "@stencil/core";
import { Host as __stencil_Host } from "@stencil/core";
import { h as __stencil_h } from "@stencil/core";
import { registerInstance as __stencil_registerInstance } from "@stencil/core";
import { h } from '@stencil/core';
import { getIonMode } from '../../global/ionic-global';
export class Grid {
    constructor(hostRef) {
        __stencil_registerInstance(this, hostRef);
        /**
         * If `true`, the grid will have a fixed width based on the screen size.
         */
        this.fixed = false;
    }
    hostData() {
        const mode = getIonMode(this);
        return {
            class: {
                [mode]: true,
                'grid-fixed': this.fixed
            }
        };
    }
    __stencil_render() {
        return h("slot", null);
    }
    render() { return __stencil_h(__stencil_Host, this.hostData(), this.__stencil_render()); }
    static get style() { return "STYLE_TEXT_PLACEHOLDER:ion-grid"; }
}
