import { createEvent as __stencil_createEvent } from "@stencil/core";
import { getConnect as __stencil_getConnect } from "@stencil/core";
import { getContext as __stencil_getContext } from "@stencil/core";
import { getElement as __stencil_getElement } from "@stencil/core";
import { Host as __stencil_Host } from "@stencil/core";
import { h as __stencil_h } from "@stencil/core";
import { registerInstance as __stencil_registerInstance } from "@stencil/core";
import { h } from '@stencil/core';
import { config } from '../../global/config';
import { getIonMode } from '../../global/ionic-global';
import { sanitizeDOMString } from '../../utils/sanitization';
export class InfiniteScrollContent {
    constructor(hostRef) {
        __stencil_registerInstance(this, hostRef);
    }
    componentDidLoad() {
        if (this.loadingSpinner === undefined) {
            const mode = getIonMode(this);
            this.loadingSpinner = config.get('infiniteLoadingSpinner', config.get('spinner', mode === 'ios' ? 'lines' : 'crescent'));
        }
    }
    hostData() {
        const mode = getIonMode(this);
        return {
            class: {
                [mode]: true,
                // Used internally for styling
                [`infinite-scroll-content-${mode}`]: true
            }
        };
    }
    __stencil_render() {
        return (h("div", { class: "infinite-loading" }, this.loadingSpinner && (h("div", { class: "infinite-loading-spinner" }, h("ion-spinner", { name: this.loadingSpinner }))), this.loadingText && (h("div", { class: "infinite-loading-text", innerHTML: sanitizeDOMString(this.loadingText) }))));
    }
    render() { return __stencil_h(__stencil_Host, this.hostData(), this.__stencil_render()); }
    static get style() { return "STYLE_TEXT_PLACEHOLDER:ion-infinite-scroll-content"; }
}
