import { createEvent as __stencil_createEvent } from "@stencil/core";
import { getConnect as __stencil_getConnect } from "@stencil/core";
import { getContext as __stencil_getContext } from "@stencil/core";
import { getElement as __stencil_getElement } from "@stencil/core";
import { Host as __stencil_Host } from "@stencil/core";
import { h as __stencil_h } from "@stencil/core";
import { registerInstance as __stencil_registerInstance } from "@stencil/core";
import { h } from '@stencil/core';
import { getIonMode } from '../../global/ionic-global';
import { attachComponent, detachComponent } from '../../utils/framework-delegate';
import { BACKDROP, dismiss, eventMethod, present } from '../../utils/overlays';
import { getClassMap } from '../../utils/theme';
import { deepReady } from '../../utils/transition';
import { iosEnterAnimation } from './animations/ios.enter';
import { iosLeaveAnimation } from './animations/ios.leave';
import { mdEnterAnimation } from './animations/md.enter';
import { mdLeaveAnimation } from './animations/md.leave';
/**
 * @virtualProp {"ios" | "md"} mode - The mode determines which platform styles to use.
 */
export class Popover {
    constructor(hostRef) {
        __stencil_registerInstance(this, hostRef);
        this.presented = false;
        this.mode = getIonMode(this);
        /**
         * If `true`, the keyboard will be automatically dismissed when the overlay is presented.
         */
        this.keyboardClose = true;
        /**
         * If `true`, the popover will be dismissed when the backdrop is clicked.
         */
        this.backdropDismiss = true;
        /**
         * If `true`, a backdrop will be displayed behind the popover.
         */
        this.showBackdrop = true;
        /**
         * If `true`, the popover will be translucent.
         */
        this.translucent = false;
        /**
         * If `true`, the popover will animate.
         */
        this.animated = true;
        this.didPresent = __stencil_createEvent(this, "ionPopoverDidPresent", 7);
        this.willPresent = __stencil_createEvent(this, "ionPopoverWillPresent", 7);
        this.willDismiss = __stencil_createEvent(this, "ionPopoverWillDismiss", 7);
        this.didDismiss = __stencil_createEvent(this, "ionPopoverDidDismiss", 7);
    }
    onDismiss(ev) {
        ev.stopPropagation();
        ev.preventDefault();
        this.dismiss();
    }
    onBackdropTap() {
        this.dismiss(undefined, BACKDROP);
    }
    lifecycle(modalEvent) {
        const el = this.usersElement;
        const name = LIFECYCLE_MAP[modalEvent.type];
        if (el && name) {
            const event = new CustomEvent(name, {
                bubbles: false,
                cancelable: false,
                detail: modalEvent.detail
            });
            el.dispatchEvent(event);
        }
    }
    /**
     * Present the popover overlay after it has been created.
     */
    async present() {
        if (this.presented) {
            return;
        }
        const container = this.el.querySelector('.popover-content');
        if (!container) {
            throw new Error('container is undefined');
        }
        const data = Object.assign({}, this.componentProps, { popover: this.el });
        this.usersElement = await attachComponent(this.delegate, container, this.component, ['popover-viewport', this.el['s-sc']], data);
        await deepReady(this.usersElement);
        return present(this, 'popoverEnter', iosEnterAnimation, mdEnterAnimation, this.event);
    }
    /**
     * Dismiss the popover overlay after it has been presented.
     *
     * @param data Any data to emit in the dismiss events.
     * @param role The role of the element that is dismissing the popover. For example, 'cancel' or 'backdrop'.
     */
    async dismiss(data, role) {
        const shouldDismiss = await dismiss(this, data, role, 'popoverLeave', iosLeaveAnimation, mdLeaveAnimation, this.event);
        if (shouldDismiss) {
            await detachComponent(this.delegate, this.usersElement);
        }
        return shouldDismiss;
    }
    /**
     * Returns a promise that resolves when the popover did dismiss.
     */
    onDidDismiss() {
        return eventMethod(this.el, 'ionPopoverDidDismiss');
    }
    /**
     * Returns a promise that resolves when the popover will dismiss.
     */
    onWillDismiss() {
        return eventMethod(this.el, 'ionPopoverWillDismiss');
    }
    hostData() {
        const mode = getIonMode(this);
        return {
            'aria-modal': 'true',
            'no-router': true,
            style: {
                zIndex: 20000 + this.overlayIndex,
            },
            class: Object.assign({}, getClassMap(this.cssClass), { [mode]: true, 'popover-translucent': this.translucent })
        };
    }
    __stencil_render() {
        return [
            h("ion-backdrop", { tappable: this.backdropDismiss, visible: this.showBackdrop }),
            h("div", { class: "popover-wrapper" }, h("div", { class: "popover-arrow" }), h("div", { class: "popover-content" }))
        ];
    }
    get el() { return __stencil_getElement(this); }
    render() { return __stencil_h(__stencil_Host, this.hostData(), this.__stencil_render()); }
    static get style() { return "STYLE_TEXT_PLACEHOLDER:ion-popover"; }
}
const LIFECYCLE_MAP = {
    'ionPopoverDidPresent': 'ionViewDidEnter',
    'ionPopoverWillPresent': 'ionViewWillEnter',
    'ionPopoverWillDismiss': 'ionViewWillLeave',
    'ionPopoverDidDismiss': 'ionViewDidLeave',
};
