import { createEvent as __stencil_createEvent } from "@stencil/core";
import { getConnect as __stencil_getConnect } from "@stencil/core";
import { getContext as __stencil_getContext } from "@stencil/core";
import { getElement as __stencil_getElement } from "@stencil/core";
import { Host as __stencil_Host } from "@stencil/core";
import { h as __stencil_h } from "@stencil/core";
import { registerInstance as __stencil_registerInstance } from "@stencil/core";
import { getIonMode } from '../../global/ionic-global';
export class Buttons {
    constructor(hostRef) {
        __stencil_registerInstance(this, hostRef);
    }
    hostData() {
        const mode = getIonMode(this);
        return {
            class: {
                [mode]: true
            }
        };
    }
    render() { return __stencil_h(__stencil_Host, this.hostData()); }
    static get style() { return "STYLE_TEXT_PLACEHOLDER:ion-buttons"; }
}
