import { createEvent as __stencil_createEvent } from "@stencil/core";
import { getConnect as __stencil_getConnect } from "@stencil/core";
import { getContext as __stencil_getContext } from "@stencil/core";
import { getElement as __stencil_getElement } from "@stencil/core";
import { Host as __stencil_Host } from "@stencil/core";
import { h as __stencil_h } from "@stencil/core";
import { registerInstance as __stencil_registerInstance } from "@stencil/core";
import { Host, h } from '@stencil/core';
import { getIonMode } from '../../global/ionic-global';
import { clamp, findItemLabel, renderHiddenInput } from '../../utils/helpers';
import { pickerController } from '../../utils/overlays';
import { hostContext } from '../../utils/theme';
import { convertDataToISO, convertFormatToKey, convertToArrayOfNumbers, convertToArrayOfStrings, dateDataSortValue, dateSortValue, dateValueRange, daysInMonth, getDateValue, parseDate, parseTemplate, renderDatetime, renderTextFormat, updateDate } from './datetime-util';
/**
 * @virtualProp {"ios" | "md"} mode - The mode determines which platform styles to use.
 */
export class Datetime {
    constructor(hostRef) {
        __stencil_registerInstance(this, hostRef);
        this.inputId = `ion-dt-${datetimeIds++}`;
        this.locale = {};
        this.datetimeMin = {};
        this.datetimeMax = {};
        this.datetimeValue = {};
        this.isExpanded = false;
        /**
         * The name of the control, which is submitted with the form data.
         */
        this.name = this.inputId;
        /**
         * If `true`, the user cannot interact with the datetime.
         */
        this.disabled = false;
        /**
         * If `true`, the datetime appears normal but is not interactive.
         */
        this.readonly = false;
        /**
         * The display format of the date and time as text that shows
         * within the item. When the `pickerFormat` input is not used, then the
         * `displayFormat` is used for both display the formatted text, and determining
         * the datetime picker's columns. See the `pickerFormat` input description for
         * more info. Defaults to `MMM D, YYYY`.
         */
        this.displayFormat = 'MMM D, YYYY';
        /**
         * The text to display on the picker's cancel button.
         */
        this.cancelText = 'Cancel';
        /**
         * The text to display on the picker's "Done" button.
         */
        this.doneText = 'Done';
        this.onClick = () => {
            this.setFocus();
            this.open();
        };
        this.onFocus = () => {
            this.ionFocus.emit();
        };
        this.onBlur = () => {
            this.ionBlur.emit();
        };
        this.ionCancel = __stencil_createEvent(this, "ionCancel", 7);
        this.ionChange = __stencil_createEvent(this, "ionChange", 7);
        this.ionFocus = __stencil_createEvent(this, "ionFocus", 7);
        this.ionBlur = __stencil_createEvent(this, "ionBlur", 7);
        this.ionStyle = __stencil_createEvent(this, "ionStyle", 7);
    }
    disabledChanged() {
        this.emitStyle();
    }
    /**
     * Update the datetime value when the value changes
     */
    valueChanged() {
        this.updateDatetimeValue(this.value);
        this.emitStyle();
        this.ionChange.emit({
            value: this.value
        });
    }
    componentWillLoad() {
        // first see if locale names were provided in the inputs
        // then check to see if they're in the config
        // if neither were provided then it will use default English names
        this.locale = {
            // this.locale[type] = convertToArrayOfStrings((this[type] ? this[type] : this.config.get(type), type);
            monthNames: convertToArrayOfStrings(this.monthNames, 'monthNames'),
            monthShortNames: convertToArrayOfStrings(this.monthShortNames, 'monthShortNames'),
            dayNames: convertToArrayOfStrings(this.dayNames, 'dayNames'),
            dayShortNames: convertToArrayOfStrings(this.dayShortNames, 'dayShortNames')
        };
        this.updateDatetimeValue(this.value);
        this.emitStyle();
    }
    /**
     * Opens the datetime overlay.
     */
    async open() {
        if (this.disabled || this.isExpanded) {
            return;
        }
        const pickerOptions = this.generatePickerOptions();
        const picker = await pickerController.create(pickerOptions);
        this.isExpanded = true;
        picker.onDidDismiss().then(() => {
            this.isExpanded = false;
            this.setFocus();
        });
        picker.addEventListener('ionPickerColChange', async (event) => {
            const data = event.detail;
            const colSelectedIndex = data.selectedIndex;
            const colOptions = data.options;
            const changeData = {};
            changeData[data.name] = {
                value: colOptions[colSelectedIndex].value
            };
            this.updateDatetimeValue(changeData);
            const columns = this.generateColumns();
            picker.columns = columns;
            await this.validate(picker);
        });
        await this.validate(picker);
        await picker.present();
    }
    emitStyle() {
        this.ionStyle.emit({
            'interactive': true,
            'datetime': true,
            'has-placeholder': this.placeholder != null,
            'has-value': this.hasValue(),
            'interactive-disabled': this.disabled,
        });
    }
    updateDatetimeValue(value) {
        updateDate(this.datetimeValue, value);
    }
    generatePickerOptions() {
        const mode = getIonMode(this);
        const pickerOptions = Object.assign({ mode }, this.pickerOptions, { columns: this.generateColumns() });
        // If the user has not passed in picker buttons,
        // add a cancel and ok button to the picker
        const buttons = pickerOptions.buttons;
        if (!buttons || buttons.length === 0) {
            pickerOptions.buttons = [
                {
                    text: this.cancelText,
                    role: 'cancel',
                    handler: () => {
                        this.updateDatetimeValue(this.value);
                        this.ionCancel.emit();
                    }
                },
                {
                    text: this.doneText,
                    handler: (data) => {
                        this.updateDatetimeValue(data);
                        /**
                         * Prevent convertDataToISO from doing any
                         * kind of transformation based on timezone
                         * This cancels out any change it attempts to make
                         *
                         * Important: Take the timezone offset based on
                         * the date that is currently selected, otherwise
                         * there can be 1 hr difference when dealing w/ DST
                         */
                        const date = new Date(convertDataToISO(this.datetimeValue));
                        this.datetimeValue.tzOffset = date.getTimezoneOffset() * -1;
                        this.value = convertDataToISO(this.datetimeValue);
                    }
                }
            ];
        }
        return pickerOptions;
    }
    generateColumns() {
        // if a picker format wasn't provided, then fallback
        // to use the display format
        let template = this.pickerFormat || this.displayFormat || DEFAULT_FORMAT;
        if (template.length === 0) {
            return [];
        }
        // make sure we've got up to date sizing information
        this.calcMinMax();
        // does not support selecting by day name
        // automatically remove any day name formats
        template = template.replace('DDDD', '{~}').replace('DDD', '{~}');
        if (template.indexOf('D') === -1) {
            // there is not a day in the template
            // replace the day name with a numeric one if it exists
            template = template.replace('{~}', 'D');
        }
        // make sure no day name replacer is left in the string
        template = template.replace(/{~}/g, '');
        // parse apart the given template into an array of "formats"
        const columns = parseTemplate(template).map((format) => {
            // loop through each format in the template
            // create a new picker column to build up with data
            const key = convertFormatToKey(format);
            let values;
            // check if they have exact values to use for this date part
            // otherwise use the default date part values
            const self = this;
            values = self[key + 'Values']
                ? convertToArrayOfNumbers(self[key + 'Values'], key)
                : dateValueRange(format, this.datetimeMin, this.datetimeMax);
            const colOptions = values.map(val => {
                return {
                    value: val,
                    text: renderTextFormat(format, val, undefined, this.locale),
                };
            });
            // cool, we've loaded up the columns with options
            // preselect the option for this column
            const optValue = getDateValue(this.datetimeValue, format);
            const selectedIndex = colOptions.findIndex(opt => opt.value === optValue);
            return {
                name: key,
                selectedIndex: selectedIndex >= 0 ? selectedIndex : 0,
                options: colOptions
            };
        });
        // Normalize min/max
        const min = this.datetimeMin;
        const max = this.datetimeMax;
        ['month', 'day', 'hour', 'minute']
            .filter(name => !columns.find(column => column.name === name))
            .forEach(name => {
            min[name] = 0;
            max[name] = 0;
        });
        return divyColumns(columns);
    }
    async validate(picker) {
        const today = new Date();
        const minCompareVal = dateDataSortValue(this.datetimeMin);
        const maxCompareVal = dateDataSortValue(this.datetimeMax);
        const yearCol = await picker.getColumn('year');
        let selectedYear = today.getFullYear();
        if (yearCol) {
            // default to the first value if the current year doesn't exist in the options
            if (!yearCol.options.find(col => col.value === today.getFullYear())) {
                selectedYear = yearCol.options[0].value;
            }
            const selectedIndex = yearCol.selectedIndex;
            if (selectedIndex !== undefined) {
                const yearOpt = yearCol.options[selectedIndex];
                if (yearOpt) {
                    // they have a selected year value
                    selectedYear = yearOpt.value;
                }
            }
        }
        const selectedMonth = await this.validateColumn(picker, 'month', 1, minCompareVal, maxCompareVal, [selectedYear, 0, 0, 0, 0], [selectedYear, 12, 31, 23, 59]);
        const numDaysInMonth = daysInMonth(selectedMonth, selectedYear);
        const selectedDay = await this.validateColumn(picker, 'day', 2, minCompareVal, maxCompareVal, [selectedYear, selectedMonth, 0, 0, 0], [selectedYear, selectedMonth, numDaysInMonth, 23, 59]);
        const selectedHour = await this.validateColumn(picker, 'hour', 3, minCompareVal, maxCompareVal, [selectedYear, selectedMonth, selectedDay, 0, 0], [selectedYear, selectedMonth, selectedDay, 23, 59]);
        await this.validateColumn(picker, 'minute', 4, minCompareVal, maxCompareVal, [selectedYear, selectedMonth, selectedDay, selectedHour, 0], [selectedYear, selectedMonth, selectedDay, selectedHour, 59]);
    }
    calcMinMax() {
        const todaysYear = new Date().getFullYear();
        if (this.yearValues !== undefined) {
            const years = convertToArrayOfNumbers(this.yearValues, 'year');
            if (this.min === undefined) {
                this.min = Math.min(...years).toString();
            }
            if (this.max === undefined) {
                this.max = Math.max(...years).toString();
            }
        }
        else {
            if (this.min === undefined) {
                this.min = (todaysYear - 100).toString();
            }
            if (this.max === undefined) {
                this.max = todaysYear.toString();
            }
        }
        const min = this.datetimeMin = parseDate(this.min);
        const max = this.datetimeMax = parseDate(this.max);
        min.year = min.year || todaysYear;
        max.year = max.year || todaysYear;
        min.month = min.month || 1;
        max.month = max.month || 12;
        min.day = min.day || 1;
        max.day = max.day || 31;
        min.hour = min.hour || 0;
        max.hour = max.hour || 23;
        min.minute = min.minute || 0;
        max.minute = max.minute || 59;
        min.second = min.second || 0;
        max.second = max.second || 59;
        // Ensure min/max constraints
        if (min.year > max.year) {
            console.error('min.year > max.year');
            min.year = max.year - 100;
        }
        if (min.year === max.year) {
            if (min.month > max.month) {
                console.error('min.month > max.month');
                min.month = 1;
            }
            else if (min.month === max.month && min.day > max.day) {
                console.error('min.day > max.day');
                min.day = 1;
            }
        }
    }
    async validateColumn(picker, name, index, min, max, lowerBounds, upperBounds) {
        const column = await picker.getColumn(name);
        if (!column) {
            return 0;
        }
        const lb = lowerBounds.slice();
        const ub = upperBounds.slice();
        const options = column.options;
        let indexMin = options.length - 1;
        let indexMax = 0;
        for (let i = 0; i < options.length; i++) {
            const opts = options[i];
            const value = opts.value;
            lb[index] = opts.value;
            ub[index] = opts.value;
            const disabled = opts.disabled = (value < lowerBounds[index] ||
                value > upperBounds[index] ||
                dateSortValue(ub[0], ub[1], ub[2], ub[3], ub[4]) < min ||
                dateSortValue(lb[0], lb[1], lb[2], lb[3], lb[4]) > max);
            if (!disabled) {
                indexMin = Math.min(indexMin, i);
                indexMax = Math.max(indexMax, i);
            }
        }
        const selectedIndex = column.selectedIndex = clamp(indexMin, column.selectedIndex, indexMax);
        const opt = column.options[selectedIndex];
        if (opt) {
            return opt.value;
        }
        return 0;
    }
    get text() {
        // create the text of the formatted data
        const template = this.displayFormat || this.pickerFormat || DEFAULT_FORMAT;
        if (this.value === undefined ||
            this.value === null ||
            this.value.length === 0) {
            return;
        }
        return renderDatetime(template, this.datetimeValue, this.locale);
    }
    hasValue() {
        return this.text !== undefined;
    }
    setFocus() {
        if (this.buttonEl) {
            this.buttonEl.focus();
        }
    }
    render() {
        const { inputId, text, disabled, readonly, isExpanded, el, placeholder } = this;
        const mode = getIonMode(this);
        const labelId = inputId + '-lbl';
        const label = findItemLabel(el);
        const addPlaceholderClass = (text === undefined && placeholder != null) ? true : false;
        // If selected text has been passed in, use that first
        // otherwise use the placeholder
        const datetimeText = text === undefined
            ? (placeholder != null ? placeholder : '')
            : text;
        if (label) {
            label.id = labelId;
        }
        renderHiddenInput(true, el, this.name, this.value, this.disabled);
        return (h(Host, { onClick: this.onClick, role: "combobox", "aria-disabled": disabled ? 'true' : null, "aria-expanded": `${isExpanded}`, "aria-haspopup": "true", "aria-labelledby": labelId, class: {
                [mode]: true,
                'datetime-disabled': disabled,
                'datetime-readonly': readonly,
                'datetime-placeholder': addPlaceholderClass,
                'in-item': hostContext('ion-item', el)
            } }, h("div", { class: "datetime-text" }, datetimeText), h("button", { type: "button", onFocus: this.onFocus, onBlur: this.onBlur, disabled: this.disabled, ref: btnEl => this.buttonEl = btnEl })));
    }
    get el() { return __stencil_getElement(this); }
    static get watchers() { return {
        "disabled": ["disabledChanged"],
        "value": ["valueChanged"]
    }; }
    static get style() { return "STYLE_TEXT_PLACEHOLDER:ion-datetime"; }
}
const divyColumns = (columns) => {
    const columnsWidth = [];
    let col;
    let width;
    for (let i = 0; i < columns.length; i++) {
        col = columns[i];
        columnsWidth.push(0);
        for (const option of col.options) {
            width = option.text.length;
            if (width > columnsWidth[i]) {
                columnsWidth[i] = width;
            }
        }
    }
    if (columnsWidth.length === 2) {
        width = Math.max(columnsWidth[0], columnsWidth[1]);
        columns[0].align = 'right';
        columns[1].align = 'left';
        columns[0].optionsWidth = columns[1].optionsWidth = `${width * 17}px`;
    }
    else if (columnsWidth.length === 3) {
        width = Math.max(columnsWidth[0], columnsWidth[2]);
        columns[0].align = 'right';
        columns[1].columnWidth = `${columnsWidth[1] * 17}px`;
        columns[0].optionsWidth = columns[2].optionsWidth = `${width * 17}px`;
        columns[2].align = 'left';
    }
    return columns;
};
const DEFAULT_FORMAT = 'MMM D, YYYY';
let datetimeIds = 0;
