import { createEvent as __stencil_createEvent } from "@stencil/core";
import { getConnect as __stencil_getConnect } from "@stencil/core";
import { getContext as __stencil_getContext } from "@stencil/core";
import { getElement as __stencil_getElement } from "@stencil/core";
import { Host as __stencil_Host } from "@stencil/core";
import { h as __stencil_h } from "@stencil/core";
import { registerInstance as __stencil_registerInstance } from "@stencil/core";
import { Host, h } from '@stencil/core';
import { getIonMode } from '../../global/ionic-global';
export class Fab {
    constructor(hostRef) {
        __stencil_registerInstance(this, hostRef);
        /**
         * If `true`, the fab will display on the edge of the header if
         * `vertical` is `"top"`, and on the edge of the footer if
         * it is `"bottom"`. Should be used with a `fixed` slot.
         */
        this.edge = false;
        /**
         * If `true`, both the `ion-fab-button` and all `ion-fab-list` inside `ion-fab` will become active.
         * That means `ion-fab-button` will become a `close` icon and `ion-fab-list` will become visible.
         */
        this.activated = false;
        this.onClick = () => {
            const hasList = !!this.el.querySelector('ion-fab-list');
            const getButton = this.getFab();
            const isButtonDisabled = getButton && getButton.disabled;
            if (hasList && !isButtonDisabled) {
                this.activated = !this.activated;
            }
        };
    }
    activatedChanged() {
        const activated = this.activated;
        const fab = this.getFab();
        if (fab) {
            fab.activated = activated;
        }
        Array.from(this.el.querySelectorAll('ion-fab-list')).forEach(list => {
            list.activated = activated;
        });
    }
    componentDidLoad() {
        if (this.activated) {
            this.activatedChanged();
        }
    }
    /**
     * Close an active FAB list container.
     */
    async close() {
        this.activated = false;
    }
    getFab() {
        return this.el.querySelector('ion-fab-button');
    }
    render() {
        const { horizontal, vertical, edge } = this;
        const mode = getIonMode(this);
        return (h(Host, { onClick: this.onClick, class: {
                [mode]: true,
                [`fab-horizontal-${horizontal}`]: horizontal !== undefined,
                [`fab-vertical-${vertical}`]: vertical !== undefined,
                'fab-edge': edge
            } }, h("slot", null)));
    }
    get el() { return __stencil_getElement(this); }
    static get watchers() { return {
        "activated": ["activatedChanged"]
    }; }
    static get style() { return "STYLE_TEXT_PLACEHOLDER:ion-fab"; }
}
