import { createEvent as __stencil_createEvent } from "@stencil/core";
import { getConnect as __stencil_getConnect } from "@stencil/core";
import { getContext as __stencil_getContext } from "@stencil/core";
import { getElement as __stencil_getElement } from "@stencil/core";
import { Host as __stencil_Host } from "@stencil/core";
import { h as __stencil_h } from "@stencil/core";
import { registerInstance as __stencil_registerInstance } from "@stencil/core";
import { Host, h } from '@stencil/core';
import { getIonMode } from '../../global/ionic-global';
import { clamp, debounceEvent } from '../../utils/helpers';
import { createColorClasses, hostContext } from '../../utils/theme';
/**
 * @virtualProp {"ios" | "md"} mode - The mode determines which platform styles to use.
 *
 * @slot start - Content is placed to the left of the range slider in LTR, and to the right in RTL.
 * @slot end - Content is placed to the right of the range slider in LTR, and to the left in RTL.
 */
export class Range {
    constructor(hostRef) {
        __stencil_registerInstance(this, hostRef);
        this.noUpdate = false;
        this.hasFocus = false;
        this.ratioA = 0;
        this.ratioB = 0;
        /**
         * How long, in milliseconds, to wait to trigger the
         * `ionChange` event after each change in the range value.
         */
        this.debounce = 0;
        /**
         * The name of the control, which is submitted with the form data.
         */
        this.name = '';
        /**
         * Show two knobs.
         */
        this.dualKnobs = false;
        /**
         * Minimum integer value of the range.
         */
        this.min = 0;
        /**
         * Maximum integer value of the range.
         */
        this.max = 100;
        /**
         * If `true`, a pin with integer value is shown when the knob
         * is pressed.
         */
        this.pin = false;
        /**
         * If `true`, the knob snaps to tick marks evenly spaced based
         * on the step property value.
         */
        this.snaps = false;
        /**
         * Specifies the value granularity.
         */
        this.step = 1;
        /**
         * If `true`, tick marks are displayed based on the step value.
         * Only applies when `snaps` is `true`.
         */
        this.ticks = true;
        /**
         * If `true`, the user cannot interact with the range.
         */
        this.disabled = false;
        /**
         * the value of the range.
         */
        this.value = 0;
        this.clampBounds = (value) => {
            return clamp(this.min, value, this.max);
        };
        this.ensureValueInBounds = (value) => {
            if (this.dualKnobs) {
                return {
                    lower: this.clampBounds(value.lower),
                    upper: this.clampBounds(value.upper)
                };
            }
            else {
                return this.clampBounds(value);
            }
        };
        this.handleKeyboard = (knob, isIncrease) => {
            let step = this.step;
            step = step > 0 ? step : 1;
            step = step / (this.max - this.min);
            if (!isIncrease) {
                step *= -1;
            }
            if (knob === 'A') {
                this.ratioA = clamp(0, this.ratioA + step, 1);
            }
            else {
                this.ratioB = clamp(0, this.ratioB + step, 1);
            }
            this.updateValue();
        };
        this.onBlur = () => {
            if (this.hasFocus) {
                this.hasFocus = false;
                this.ionBlur.emit();
                this.emitStyle();
            }
        };
        this.onFocus = () => {
            if (!this.hasFocus) {
                this.hasFocus = true;
                this.ionFocus.emit();
                this.emitStyle();
            }
        };
        this.ionChange = __stencil_createEvent(this, "ionChange", 7);
        this.ionStyle = __stencil_createEvent(this, "ionStyle", 7);
        this.ionFocus = __stencil_createEvent(this, "ionFocus", 7);
        this.ionBlur = __stencil_createEvent(this, "ionBlur", 7);
    }
    debounceChanged() {
        this.ionChange = debounceEvent(this.ionChange, this.debounce);
    }
    minChanged() {
        if (!this.noUpdate) {
            this.updateRatio();
        }
    }
    maxChanged() {
        if (!this.noUpdate) {
            this.updateRatio();
        }
    }
    disabledChanged() {
        if (this.gesture) {
            this.gesture.setDisabled(this.disabled);
        }
        this.emitStyle();
    }
    valueChanged(value) {
        if (!this.noUpdate) {
            this.updateRatio();
        }
        value = this.ensureValueInBounds(value);
        this.ionChange.emit({ value });
    }
    componentWillLoad() {
        this.updateRatio();
        this.debounceChanged();
        this.emitStyle();
    }
    async componentDidLoad() {
        this.gesture = (await import('../../utils/gesture')).createGesture({
            el: this.rangeSlider,
            gestureName: 'range',
            gesturePriority: 100,
            threshold: 0,
            onStart: ev => this.onStart(ev),
            onMove: ev => this.onMove(ev),
            onEnd: ev => this.onEnd(ev),
        });
        this.gesture.setDisabled(this.disabled);
    }
    componentDidUnload() {
        if (this.gesture) {
            this.gesture.destroy();
            this.gesture = undefined;
        }
    }
    getValue() {
        const value = this.value || 0;
        if (this.dualKnobs) {
            if (typeof value === 'object') {
                return value;
            }
            return {
                lower: 0,
                upper: value
            };
        }
        else {
            if (typeof value === 'object') {
                return value.upper;
            }
            return value;
        }
    }
    emitStyle() {
        this.ionStyle.emit({
            'interactive': true,
            'interactive-disabled': this.disabled
        });
    }
    onStart(detail) {
        const rect = this.rect = this.rangeSlider.getBoundingClientRect();
        const currentX = detail.currentX;
        // figure out which knob they started closer to
        let ratio = clamp(0, (currentX - rect.left) / rect.width, 1);
        if (document.dir === 'rtl') {
            ratio = 1 - ratio;
        }
        this.pressedKnob =
            !this.dualKnobs ||
                Math.abs(this.ratioA - ratio) < Math.abs(this.ratioB - ratio)
                ? 'A'
                : 'B';
        this.setFocus(this.pressedKnob);
        // update the active knob's position
        this.update(currentX);
    }
    onMove(detail) {
        this.update(detail.currentX);
    }
    onEnd(detail) {
        this.update(detail.currentX);
        this.pressedKnob = undefined;
    }
    update(currentX) {
        // figure out where the pointer is currently at
        // update the knob being interacted with
        const rect = this.rect;
        let ratio = clamp(0, (currentX - rect.left) / rect.width, 1);
        if (document.dir === 'rtl') {
            ratio = 1 - ratio;
        }
        if (this.snaps) {
            // snaps the ratio to the current value
            ratio = valueToRatio(ratioToValue(ratio, this.min, this.max, this.step), this.min, this.max);
        }
        // update which knob is pressed
        if (this.pressedKnob === 'A') {
            this.ratioA = ratio;
        }
        else {
            this.ratioB = ratio;
        }
        // Update input value
        this.updateValue();
    }
    get valA() {
        return ratioToValue(this.ratioA, this.min, this.max, this.step);
    }
    get valB() {
        return ratioToValue(this.ratioB, this.min, this.max, this.step);
    }
    get ratioLower() {
        if (this.dualKnobs) {
            return Math.min(this.ratioA, this.ratioB);
        }
        return 0;
    }
    get ratioUpper() {
        if (this.dualKnobs) {
            return Math.max(this.ratioA, this.ratioB);
        }
        return this.ratioA;
    }
    updateRatio() {
        const value = this.getValue();
        const { min, max } = this;
        if (this.dualKnobs) {
            this.ratioA = valueToRatio(value.lower, min, max);
            this.ratioB = valueToRatio(value.upper, min, max);
        }
        else {
            this.ratioA = valueToRatio(value, min, max);
        }
    }
    updateValue() {
        this.noUpdate = true;
        const { valA, valB } = this;
        this.value = !this.dualKnobs
            ? valA
            : {
                lower: Math.min(valA, valB),
                upper: Math.max(valA, valB)
            };
        this.noUpdate = false;
    }
    setFocus(knob) {
        if (this.el.shadowRoot) {
            const knobEl = this.el.shadowRoot.querySelector(knob === 'A' ? '.range-knob-a' : '.range-knob-b');
            if (knobEl) {
                knobEl.focus();
            }
        }
    }
    render() {
        const { min, max, step, el, handleKeyboard, pressedKnob, disabled, pin, ratioLower, ratioUpper } = this;
        const mode = getIonMode(this);
        const barStart = `${ratioLower * 100}%`;
        const barEnd = `${100 - ratioUpper * 100}%`;
        const doc = document;
        const isRTL = doc.dir === 'rtl';
        const start = isRTL ? 'right' : 'left';
        const end = isRTL ? 'left' : 'right';
        const tickStyle = (tick) => {
            return {
                [start]: tick[start]
            };
        };
        const barStyle = {
            [start]: barStart,
            [end]: barEnd
        };
        const ticks = [];
        if (this.snaps && this.ticks) {
            for (let value = min; value <= max; value += step) {
                const ratio = valueToRatio(value, min, max);
                const tick = {
                    ratio,
                    active: ratio >= ratioLower && ratio <= ratioUpper,
                };
                tick[start] = `${ratio * 100}%`;
                ticks.push(tick);
            }
        }
        return (h(Host, { onFocusin: this.onFocus, onFocusout: this.onBlur, class: Object.assign({}, createColorClasses(this.color), { [mode]: true, 'in-item': hostContext('ion-item', el), 'range-disabled': disabled, 'range-pressed': pressedKnob !== undefined, 'range-has-pin': pin }) }, h("slot", { name: "start" }), h("div", { class: "range-slider", ref: rangeEl => this.rangeSlider = rangeEl }, ticks.map(tick => (h("div", { style: tickStyle(tick), role: "presentation", class: {
                'range-tick': true,
                'range-tick-active': tick.active
            } }))), h("div", { class: "range-bar", role: "presentation" }), h("div", { class: "range-bar range-bar-active", role: "presentation", style: barStyle }), renderKnob(isRTL, {
            knob: 'A',
            pressed: pressedKnob === 'A',
            value: this.valA,
            ratio: this.ratioA,
            pin,
            disabled,
            handleKeyboard,
            min,
            max
        }), this.dualKnobs && renderKnob(isRTL, {
            knob: 'B',
            pressed: pressedKnob === 'B',
            value: this.valB,
            ratio: this.ratioB,
            pin,
            disabled,
            handleKeyboard,
            min,
            max
        })), h("slot", { name: "end" })));
    }
    get el() { return __stencil_getElement(this); }
    static get watchers() { return {
        "debounce": ["debounceChanged"],
        "min": ["minChanged"],
        "max": ["maxChanged"],
        "disabled": ["disabledChanged"],
        "value": ["valueChanged"]
    }; }
    static get style() { return "STYLE_TEXT_PLACEHOLDER:ion-range"; }
}
const renderKnob = (isRTL, { knob, value, ratio, min, max, disabled, pressed, pin, handleKeyboard }) => {
    const start = isRTL ? 'right' : 'left';
    const knobStyle = () => {
        const style = {};
        style[start] = `${ratio * 100}%`;
        return style;
    };
    return (h("div", { onKeyDown: (ev) => {
            const key = ev.key;
            if (key === 'ArrowLeft' || key === 'ArrowDown') {
                handleKeyboard(knob, false);
                ev.preventDefault();
                ev.stopPropagation();
            }
            else if (key === 'ArrowRight' || key === 'ArrowUp') {
                handleKeyboard(knob, true);
                ev.preventDefault();
                ev.stopPropagation();
            }
        }, class: {
            'range-knob-handle': true,
            'range-knob-a': knob === 'A',
            'range-knob-b': knob === 'B',
            'range-knob-pressed': pressed,
            'range-knob-min': value === min,
            'range-knob-max': value === max
        }, style: knobStyle(), role: "slider", tabindex: disabled ? -1 : 0, "aria-valuemin": min, "aria-valuemax": max, "aria-disabled": disabled ? 'true' : null, "aria-valuenow": value }, pin && h("div", { class: "range-pin", role: "presentation" }, Math.round(value)), h("div", { class: "range-knob", role: "presentation" })));
};
const ratioToValue = (ratio, min, max, step) => {
    let value = (max - min) * ratio;
    if (step > 0) {
        value = Math.round(value / step) * step + min;
    }
    return clamp(min, value, max);
};
const valueToRatio = (value, min, max) => {
    return clamp(0, (value - min) / (max - min), 1);
};
