import { createEvent as __stencil_createEvent } from "@stencil/core";
import { getConnect as __stencil_getConnect } from "@stencil/core";
import { getContext as __stencil_getContext } from "@stencil/core";
import { getElement as __stencil_getElement } from "@stencil/core";
import { Host as __stencil_Host } from "@stencil/core";
import { h as __stencil_h } from "@stencil/core";
import { registerInstance as __stencil_registerInstance } from "@stencil/core";
import { h } from '@stencil/core';
import { getIonMode } from '../../global/ionic-global';
export class Img {
    constructor(hostRef) {
        __stencil_registerInstance(this, hostRef);
        this.onLoad = () => {
            this.ionImgDidLoad.emit();
        };
        this.onError = () => {
            this.ionError.emit();
        };
        this.ionImgWillLoad = __stencil_createEvent(this, "ionImgWillLoad", 7);
        this.ionImgDidLoad = __stencil_createEvent(this, "ionImgDidLoad", 7);
        this.ionError = __stencil_createEvent(this, "ionError", 7);
    }
    srcChanged() {
        this.addIO();
    }
    componentDidLoad() {
        this.addIO();
    }
    addIO() {
        if (this.src === undefined) {
            return;
        }
        if ('IntersectionObserver' in window) {
            this.removeIO();
            this.io = new IntersectionObserver(data => {
                // because there will only ever be one instance
                // of the element we are observing
                // we can just use data[0]
                if (data[0].isIntersecting) {
                    this.load();
                    this.removeIO();
                }
            });
            this.io.observe(this.el);
        }
        else {
            // fall back to setTimeout for Safari and IE
            setTimeout(() => this.load(), 200);
        }
    }
    load() {
        this.loadError = this.onError;
        this.loadSrc = this.src;
        this.ionImgWillLoad.emit();
    }
    removeIO() {
        if (this.io) {
            this.io.disconnect();
            this.io = undefined;
        }
    }
    hostData() {
        const mode = getIonMode(this);
        return {
            class: {
                [mode]: true,
            }
        };
    }
    __stencil_render() {
        return (h("img", { src: this.loadSrc, alt: this.alt, decoding: "async", onLoad: this.onLoad, onError: this.loadError }));
    }
    get el() { return __stencil_getElement(this); }
    static get watchers() { return {
        "src": ["srcChanged"]
    }; }
    render() { return __stencil_h(__stencil_Host, this.hostData(), this.__stencil_render()); }
    static get style() { return "STYLE_TEXT_PLACEHOLDER:ion-img"; }
}
