import { createEvent as __stencil_createEvent } from "@stencil/core";
import { getConnect as __stencil_getConnect } from "@stencil/core";
import { getContext as __stencil_getContext } from "@stencil/core";
import { getElement as __stencil_getElement } from "@stencil/core";
import { Host as __stencil_Host } from "@stencil/core";
import { h as __stencil_h } from "@stencil/core";
import { registerInstance as __stencil_registerInstance } from "@stencil/core";
import { h } from '@stencil/core';
import { getIonMode } from '../../global/ionic-global';
import { createColorClasses } from '../../utils/theme';
/**
 * @virtualProp {"ios" | "md"} mode - The mode determines which platform styles to use.
 *
 * @slot - Content is placed between the named slots if provided without a slot.
 * @slot start - Content is placed to the left of the divider text in LTR, and to the right in RTL.
 * @slot end - Content is placed to the right of the divider text in LTR, and to the left in RTL.
 */
export class ItemDivider {
    constructor(hostRef) {
        __stencil_registerInstance(this, hostRef);
        /**
         * When it's set to `true`, the item-divider will stay visible when it reaches the top
         * of the viewport until the next `ion-item-divider` replaces it.
         *
         * This feature relies in `position:sticky`:
         * https://caniuse.com/#feat=css-sticky
         */
        this.sticky = false;
    }
    hostData() {
        const mode = getIonMode(this);
        return {
            class: Object.assign({}, createColorClasses(this.color), { [mode]: true, 'item-divider-sticky': this.sticky, 'item': true })
        };
    }
    __stencil_render() {
        return [
            h("slot", { name: "start" }),
            h("div", { class: "item-divider-inner" }, h("div", { class: "item-divider-wrapper" }, h("slot", null)), h("slot", { name: "end" }))
        ];
    }
    get el() { return __stencil_getElement(this); }
    render() { return __stencil_h(__stencil_Host, this.hostData(), this.__stencil_render()); }
    static get style() { return "STYLE_TEXT_PLACEHOLDER:ion-item-divider"; }
}
