import { createEvent as __stencil_createEvent } from "@stencil/core";
import { getConnect as __stencil_getConnect } from "@stencil/core";
import { getContext as __stencil_getContext } from "@stencil/core";
import { getElement as __stencil_getElement } from "@stencil/core";
import { Host as __stencil_Host } from "@stencil/core";
import { h as __stencil_h } from "@stencil/core";
import { registerInstance as __stencil_registerInstance } from "@stencil/core";
import { createOverlay, dismissOverlay, getOverlay } from '../../utils/overlays';
export class PopoverController {
    constructor(hostRef) {
        __stencil_registerInstance(this, hostRef);
    }
    /**
     * Create a popover overlay with popover options.
     *
     * @param options The options to use to create the popover.
     */
    create(options) {
        return createOverlay('ion-popover', options);
    }
    /**
     * Dismiss the open popover overlay.
     *
     * @param data Any data to emit in the dismiss events.
     * @param role The role of the element that is dismissing the popover.
     * This can be useful in a button handler for determining which button was
     * clicked to dismiss the popover.
     * Some examples include: ``"cancel"`, `"destructive"`, "selected"`, and `"backdrop"`.
     * @param id The id of the popover to dismiss. If an id is not provided, it will dismiss the most recently opened popover.
     */
    dismiss(data, role, id) {
        return dismissOverlay(document, data, role, 'ion-popover', id);
    }
    /**
     * Get the most recently opened popover overlay.
     */
    async getTop() {
        return getOverlay(document, 'ion-popover');
    }
}
