import { createEvent as __stencil_createEvent } from "@stencil/core";
import { getConnect as __stencil_getConnect } from "@stencil/core";
import { getContext as __stencil_getContext } from "@stencil/core";
import { getElement as __stencil_getElement } from "@stencil/core";
import { Host as __stencil_Host } from "@stencil/core";
import { h as __stencil_h } from "@stencil/core";
import { registerInstance as __stencil_registerInstance } from "@stencil/core";
export class NavPush {
    constructor(hostRef) {
        __stencil_registerInstance(this, hostRef);
    }
    push() {
        const nav = this.el.closest('ion-nav');
        const toPush = this.component;
        if (nav && toPush !== undefined) {
            nav.push(toPush, this.componentProps, { skipIfBusy: true });
        }
    }
    get el() { return __stencil_getElement(this); }
}
