import { createEvent as __stencil_createEvent } from "@stencil/core";
import { getConnect as __stencil_getConnect } from "@stencil/core";
import { getContext as __stencil_getContext } from "@stencil/core";
import { getElement as __stencil_getElement } from "@stencil/core";
import { Host as __stencil_Host } from "@stencil/core";
import { h as __stencil_h } from "@stencil/core";
import { registerInstance as __stencil_registerInstance } from "@stencil/core";
import { h } from '@stencil/core';
import { getIonMode } from '../../global/ionic-global';
import { BACKDROP, dismiss, eventMethod, isCancel, present, safeCall } from '../../utils/overlays';
import { sanitizeDOMString } from '../../utils/sanitization';
import { getClassMap } from '../../utils/theme';
import { iosEnterAnimation } from './animations/ios.enter';
import { iosLeaveAnimation } from './animations/ios.leave';
import { mdEnterAnimation } from './animations/md.enter';
import { mdLeaveAnimation } from './animations/md.leave';
/**
 * @virtualProp {"ios" | "md"} mode - The mode determines which platform styles to use.
 */
export class Alert {
    constructor(hostRef) {
        __stencil_registerInstance(this, hostRef);
        this.processedInputs = [];
        this.processedButtons = [];
        this.presented = false;
        this.mode = getIonMode(this);
        /**
         * If `true`, the keyboard will be automatically dismissed when the overlay is presented.
         */
        this.keyboardClose = true;
        /**
         * Array of buttons to be added to the alert.
         */
        this.buttons = [];
        /**
         * Array of input to show in the alert.
         */
        this.inputs = [];
        /**
         * If `true`, the alert will be dismissed when the backdrop is clicked.
         */
        this.backdropDismiss = true;
        /**
         * If `true`, the alert will be translucent.
         */
        this.translucent = false;
        /**
         * If `true`, the alert will animate.
         */
        this.animated = true;
        this.didPresent = __stencil_createEvent(this, "ionAlertDidPresent", 7);
        this.willPresent = __stencil_createEvent(this, "ionAlertWillPresent", 7);
        this.willDismiss = __stencil_createEvent(this, "ionAlertWillDismiss", 7);
        this.didDismiss = __stencil_createEvent(this, "ionAlertDidDismiss", 7);
    }
    buttonsChanged() {
        const buttons = this.buttons;
        this.processedButtons = buttons.map(btn => {
            return (typeof btn === 'string')
                ? { text: btn, role: btn.toLowerCase() === 'cancel' ? 'cancel' : undefined }
                : btn;
        });
    }
    inputsChanged() {
        const inputs = this.inputs;
        // An alert can be created with several different inputs. Radios,
        // checkboxes and inputs are all accepted, but they cannot be mixed.
        const inputTypes = new Set(inputs.map(i => i.type));
        if (inputTypes.has('checkbox') && inputTypes.has('radio')) {
            console.warn(`Alert cannot mix input types: ${(Array.from(inputTypes.values()).join('/'))}. Please see alert docs for more info.`);
        }
        this.inputType = inputTypes.values().next().value;
        this.processedInputs = inputs.map((i, index) => ({
            type: i.type || 'text',
            name: i.name || `${index}`,
            placeholder: i.placeholder || '',
            value: i.value,
            label: i.label,
            checked: !!i.checked,
            disabled: !!i.disabled,
            id: i.id || `alert-input-${this.overlayIndex}-${index}`,
            handler: i.handler,
            min: i.min,
            max: i.max
        }));
    }
    componentWillLoad() {
        this.inputsChanged();
        this.buttonsChanged();
    }
    onBackdropTap() {
        this.dismiss(undefined, BACKDROP);
    }
    dispatchCancelHandler(ev) {
        const role = ev.detail.role;
        if (isCancel(role)) {
            const cancelButton = this.processedButtons.find(b => b.role === 'cancel');
            this.callButtonHandler(cancelButton);
        }
    }
    /**
     * Present the alert overlay after it has been created.
     */
    present() {
        return present(this, 'alertEnter', iosEnterAnimation, mdEnterAnimation);
    }
    /**
     * Dismiss the alert overlay after it has been presented.
     *
     * @param data Any data to emit in the dismiss events.
     * @param role The role of the element that is dismissing the alert.
     * This can be useful in a button handler for determining which button was
     * clicked to dismiss the alert.
     * Some examples include: ``"cancel"`, `"destructive"`, "selected"`, and `"backdrop"`.
     */
    dismiss(data, role) {
        return dismiss(this, data, role, 'alertLeave', iosLeaveAnimation, mdLeaveAnimation);
    }
    /**
     * Returns a promise that resolves when the alert did dismiss.
     */
    onDidDismiss() {
        return eventMethod(this.el, 'ionAlertDidDismiss');
    }
    /**
     * Returns a promise that resolves when the alert will dismiss.
     */
    onWillDismiss() {
        return eventMethod(this.el, 'ionAlertWillDismiss');
    }
    rbClick(selectedInput) {
        for (const input of this.processedInputs) {
            input.checked = input === selectedInput;
        }
        this.activeId = selectedInput.id;
        safeCall(selectedInput.handler, selectedInput);
        this.el.forceUpdate();
    }
    cbClick(selectedInput) {
        selectedInput.checked = !selectedInput.checked;
        safeCall(selectedInput.handler, selectedInput);
        this.el.forceUpdate();
    }
    buttonClick(button) {
        const role = button.role;
        const values = this.getValues();
        if (isCancel(role)) {
            return this.dismiss({ values }, role);
        }
        const returnData = this.callButtonHandler(button, values);
        if (returnData !== false) {
            return this.dismiss(Object.assign({ values }, returnData), button.role);
        }
        return Promise.resolve(false);
    }
    callButtonHandler(button, data) {
        if (button && button.handler) {
            // a handler has been provided, execute it
            // pass the handler the values from the inputs
            const returnData = safeCall(button.handler, data);
            if (returnData === false) {
                // if the return value of the handler is false then do not dismiss
                return false;
            }
            if (typeof returnData === 'object') {
                return returnData;
            }
        }
        return {};
    }
    getValues() {
        if (this.processedInputs.length === 0) {
            // this is an alert without any options/inputs at all
            return undefined;
        }
        if (this.inputType === 'radio') {
            // this is an alert with radio buttons (single value select)
            // return the one value which is checked, otherwise undefined
            const checkedInput = this.processedInputs.find(i => !!i.checked);
            return checkedInput ? checkedInput.value : undefined;
        }
        if (this.inputType === 'checkbox') {
            // this is an alert with checkboxes (multiple value select)
            // return an array of all the checked values
            return this.processedInputs.filter(i => i.checked).map(i => i.value);
        }
        // this is an alert with text inputs
        // return an object of all the values with the input name as the key
        const values = {};
        this.processedInputs.forEach(i => {
            values[i.name] = i.value || '';
        });
        return values;
    }
    renderAlertInputs(labelledBy) {
        switch (this.inputType) {
            case 'checkbox': return this.renderCheckbox(labelledBy);
            case 'radio': return this.renderRadio(labelledBy);
            default: return this.renderInput(labelledBy);
        }
    }
    renderCheckbox(labelledby) {
        const inputs = this.processedInputs;
        const mode = getIonMode(this);
        if (inputs.length === 0) {
            return null;
        }
        return (h("div", { class: "alert-checkbox-group", "aria-labelledby": labelledby }, inputs.map(i => (h("button", { type: "button", onClick: () => this.cbClick(i), "aria-checked": `${i.checked}`, id: i.id, disabled: i.disabled, tabIndex: 0, role: "checkbox", class: "alert-tappable alert-checkbox alert-checkbox-button ion-focusable" }, h("div", { class: "alert-button-inner" }, h("div", { class: "alert-checkbox-icon" }, h("div", { class: "alert-checkbox-inner" })), h("div", { class: "alert-checkbox-label" }, i.label)), mode === 'md' && h("ion-ripple-effect", null))))));
    }
    renderRadio(labelledby) {
        const inputs = this.processedInputs;
        if (inputs.length === 0) {
            return null;
        }
        return (h("div", { class: "alert-radio-group", role: "radiogroup", "aria-labelledby": labelledby, "aria-activedescendant": this.activeId }, inputs.map(i => (h("button", { type: "button", onClick: () => this.rbClick(i), "aria-checked": `${i.checked}`, disabled: i.disabled, id: i.id, tabIndex: 0, class: "alert-radio-button alert-tappable alert-radio ion-focusable", role: "radio" }, h("div", { class: "alert-button-inner" }, h("div", { class: "alert-radio-icon" }, h("div", { class: "alert-radio-inner" })), h("div", { class: "alert-radio-label" }, i.label)))))));
    }
    renderInput(labelledby) {
        const inputs = this.processedInputs;
        if (inputs.length === 0) {
            return null;
        }
        return (h("div", { class: "alert-input-group", "aria-labelledby": labelledby }, inputs.map(i => (h("div", { class: "alert-input-wrapper" }, h("input", { placeholder: i.placeholder, value: i.value, type: i.type, min: i.min, max: i.max, onInput: e => i.value = e.target.value, id: i.id, disabled: i.disabled, tabIndex: 0, class: "alert-input" }))))));
    }
    hostData() {
        const mode = getIonMode(this);
        return {
            'role': 'dialog',
            'aria-modal': 'true',
            style: {
                zIndex: 20000 + this.overlayIndex,
            },
            class: Object.assign({}, getClassMap(this.cssClass), { [mode]: true, 'alert-translucent': this.translucent })
        };
    }
    renderAlertButtons() {
        const buttons = this.processedButtons;
        const mode = getIonMode(this);
        const alertButtonGroupClass = {
            'alert-button-group': true,
            'alert-button-group-vertical': buttons.length > 2
        };
        return (h("div", { class: alertButtonGroupClass }, buttons.map(button => h("button", { type: "button", class: buttonClass(button), tabIndex: 0, onClick: () => this.buttonClick(button) }, h("span", { class: "alert-button-inner" }, button.text), mode === 'md' && h("ion-ripple-effect", null)))));
    }
    __stencil_render() {
        const hdrId = `alert-${this.overlayIndex}-hdr`;
        const subHdrId = `alert-${this.overlayIndex}-sub-hdr`;
        const msgId = `alert-${this.overlayIndex}-msg`;
        let labelledById;
        if (this.header !== undefined) {
            labelledById = hdrId;
        }
        else if (this.subHeader !== undefined) {
            labelledById = subHdrId;
        }
        return [
            h("ion-backdrop", { tappable: this.backdropDismiss }),
            h("div", { class: "alert-wrapper" }, h("div", { class: "alert-head" }, this.header && h("h2", { id: hdrId, class: "alert-title" }, this.header), this.subHeader && h("h2", { id: subHdrId, class: "alert-sub-title" }, this.subHeader)), h("div", { id: msgId, class: "alert-message", innerHTML: sanitizeDOMString(this.message) }), this.renderAlertInputs(labelledById), this.renderAlertButtons())
        ];
    }
    get el() { return __stencil_getElement(this); }
    static get watchers() { return {
        "buttons": ["buttonsChanged"],
        "inputs": ["inputsChanged"]
    }; }
    render() { return __stencil_h(__stencil_Host, this.hostData(), this.__stencil_render()); }
    static get style() { return "STYLE_TEXT_PLACEHOLDER:ion-alert"; }
}
const buttonClass = (button) => {
    return Object.assign({ 'alert-button': true, 'ion-focusable': true, 'ion-activatable': true }, getClassMap(button.cssClass));
};
