import { createEvent as __stencil_createEvent } from "@stencil/core";
import { getConnect as __stencil_getConnect } from "@stencil/core";
import { getContext as __stencil_getContext } from "@stencil/core";
import { getElement as __stencil_getElement } from "@stencil/core";
import { Host as __stencil_Host } from "@stencil/core";
import { h as __stencil_h } from "@stencil/core";
import { registerInstance as __stencil_registerInstance } from "@stencil/core";
import { h } from '@stencil/core';
import { getIonMode } from '../../global/ionic-global';
import { matchBreakpoint } from '../../utils/media';
const win = window;
const SUPPORTS_VARS = !!(win.CSS && win.CSS.supports && win.CSS.supports('--a: 0'));
const BREAKPOINTS = ['', 'xs', 'sm', 'md', 'lg', 'xl'];
export class Col {
    constructor(hostRef) {
        __stencil_registerInstance(this, hostRef);
    }
    onResize() {
        this.el.forceUpdate();
    }
    // Loop through all of the breakpoints to see if the media query
    // matches and grab the column value from the relevant prop if so
    getColumns(property) {
        let matched;
        for (const breakpoint of BREAKPOINTS) {
            const matches = matchBreakpoint(breakpoint);
            // Grab the value of the property, if it exists and our
            // media query matches we return the value
            const columns = this[property + breakpoint.charAt(0).toUpperCase() + breakpoint.slice(1)];
            if (matches && columns !== undefined) {
                matched = columns;
            }
        }
        // Return the last matched columns since the breakpoints
        // increase in size and we want to return the largest match
        return matched;
    }
    calculateSize() {
        const columns = this.getColumns('size');
        // If size wasn't set for any breakpoint
        // or if the user set the size without a value
        // it means we need to stick with the default and return
        // e.g. <ion-col size-md>
        if (!columns || columns === '') {
            return;
        }
        // If the size is set to auto then don't calculate a size
        const colSize = (columns === 'auto')
            ? 'auto'
            // If CSS supports variables we should use the grid columns var
            : SUPPORTS_VARS ? `calc(calc(${columns} / var(--ion-grid-columns, 12)) * 100%)`
                // Convert the columns to a percentage by dividing by the total number
                // of columns (12) and then multiplying by 100
                : ((columns / 12) * 100) + '%';
        return {
            'flex': `0 0 ${colSize}`,
            'width': `${colSize}`,
            'max-width': `${colSize}`
        };
    }
    // Called by push, pull, and offset since they use the same calculations
    calculatePosition(property, modifier) {
        const columns = this.getColumns(property);
        if (!columns) {
            return;
        }
        // If the number of columns passed are greater than 0 and less than
        // 12 we can position the column, else default to auto
        const amount = SUPPORTS_VARS
            // If CSS supports variables we should use the grid columns var
            ? `calc(calc(${columns} / var(--ion-grid-columns, 12)) * 100%)`
            // Convert the columns to a percentage by dividing by the total number
            // of columns (12) and then multiplying by 100
            : (columns > 0 && columns < 12) ? (columns / 12 * 100) + '%' : 'auto';
        return {
            [modifier]: amount
        };
    }
    calculateOffset(isRTL) {
        return this.calculatePosition('offset', isRTL ? 'margin-right' : 'margin-left');
    }
    calculatePull(isRTL) {
        return this.calculatePosition('pull', isRTL ? 'left' : 'right');
    }
    calculatePush(isRTL) {
        return this.calculatePosition('push', isRTL ? 'right' : 'left');
    }
    hostData() {
        const isRTL = document.dir === 'rtl';
        const mode = getIonMode(this);
        return {
            class: {
                [mode]: true
            },
            style: Object.assign({}, this.calculateOffset(isRTL), this.calculatePull(isRTL), this.calculatePush(isRTL), this.calculateSize())
        };
    }
    __stencil_render() {
        return h("slot", null);
    }
    get el() { return __stencil_getElement(this); }
    render() { return __stencil_h(__stencil_Host, this.hostData(), this.__stencil_render()); }
    static get style() { return "STYLE_TEXT_PLACEHOLDER:ion-col"; }
}
