import { createEvent as __stencil_createEvent } from "@stencil/core";
import { getConnect as __stencil_getConnect } from "@stencil/core";
import { getContext as __stencil_getContext } from "@stencil/core";
import { getElement as __stencil_getElement } from "@stencil/core";
import { Host as __stencil_Host } from "@stencil/core";
import { h as __stencil_h } from "@stencil/core";
import { registerInstance as __stencil_registerInstance } from "@stencil/core";
import { h } from '@stencil/core';
import { getIonMode } from '../../global/ionic-global';
export class Reorder {
    constructor(hostRef) {
        __stencil_registerInstance(this, hostRef);
    }
    onClick(ev) {
        ev.preventDefault();
        ev.stopImmediatePropagation();
    }
    hostData() {
        const mode = getIonMode(this);
        return {
            class: {
                [mode]: true,
            }
        };
    }
    __stencil_render() {
        return (h("slot", null, h("ion-icon", { name: "reorder", lazy: false, class: "reorder-icon" })));
    }
    render() { return __stencil_h(__stencil_Host, this.hostData(), this.__stencil_render()); }
    static get style() { return "STYLE_TEXT_PLACEHOLDER:ion-reorder"; }
}
