import { createEvent as __stencil_createEvent } from "@stencil/core";
import { getConnect as __stencil_getConnect } from "@stencil/core";
import { getContext as __stencil_getContext } from "@stencil/core";
import { getElement as __stencil_getElement } from "@stencil/core";
import { Host as __stencil_Host } from "@stencil/core";
import { h as __stencil_h } from "@stencil/core";
import { registerInstance as __stencil_registerInstance } from "@stencil/core";
import { h } from '@stencil/core';
import { getIonMode } from '../../global/ionic-global';
export class FabList {
    constructor(hostRef) {
        __stencil_registerInstance(this, hostRef);
        /**
         * If `true`, the fab list will show all fab buttons in the list.
         */
        this.activated = false;
        /**
         * The side the fab list will show on relative to the main fab button.
         */
        this.side = 'bottom';
    }
    activatedChanged(activated) {
        const fabs = Array.from(this.el.querySelectorAll('ion-fab-button'));
        // if showing the fabs add a timeout, else show immediately
        const timeout = activated ? 30 : 0;
        fabs.forEach((fab, i) => {
            setTimeout(() => fab.show = activated, i * timeout);
        });
    }
    hostData() {
        const mode = getIonMode(this);
        return {
            class: {
                [mode]: true,
                'fab-list-active': this.activated,
                [`fab-list-side-${this.side}`]: true
            }
        };
    }
    __stencil_render() {
        return h("slot", null);
    }
    get el() { return __stencil_getElement(this); }
    static get watchers() { return {
        "activated": ["activatedChanged"]
    }; }
    render() { return __stencil_h(__stencil_Host, this.hostData(), this.__stencil_render()); }
    static get style() { return "STYLE_TEXT_PLACEHOLDER:ion-fab-list"; }
}
