import { createEvent as __stencil_createEvent } from "@stencil/core";
import { getConnect as __stencil_getConnect } from "@stencil/core";
import { getContext as __stencil_getContext } from "@stencil/core";
import { getElement as __stencil_getElement } from "@stencil/core";
import { Host as __stencil_Host } from "@stencil/core";
import { h as __stencil_h } from "@stencil/core";
import { registerInstance as __stencil_registerInstance } from "@stencil/core";
import { createOverlay, dismissOverlay, getOverlay } from '../../utils/overlays';
export class PickerController {
    constructor(hostRef) {
        __stencil_registerInstance(this, hostRef);
    }
    /**
     * Create a picker overlay with picker options.
     *
     * @param options The options to use to create the picker.
     */
    create(options) {
        return createOverlay('ion-picker', options);
    }
    /**
     * Dismiss the open picker overlay.
     *
     * @param data Any data to emit in the dismiss events.
     * @param role The role of the element that is dismissing the picker.
     * This can be useful in a button handler for determining which button was
     * clicked to dismiss the picker.
     * Some examples include: ``"cancel"`, `"destructive"`, "selected"`, and `"backdrop"`.
     * @param id The id of the picker to dismiss. If an id is not provided, it will dismiss the most recently opened picker.
     */
    dismiss(data, role, id) {
        return dismissOverlay(document, data, role, 'ion-picker', id);
    }
    /**
     * Get the most recently opened picker overlay.
     */
    async getTop() {
        return getOverlay(document, 'ion-picker');
    }
}
