import { createEvent as __stencil_createEvent } from "@stencil/core";
import { getConnect as __stencil_getConnect } from "@stencil/core";
import { getContext as __stencil_getContext } from "@stencil/core";
import { getElement as __stencil_getElement } from "@stencil/core";
import { Host as __stencil_Host } from "@stencil/core";
import { h as __stencil_h } from "@stencil/core";
import { registerInstance as __stencil_registerInstance } from "@stencil/core";
import { getIonMode } from '../../global/ionic-global';
/**
 * @virtualProp {"ios" | "md"} mode - The mode determines which platform styles to use.
 */
export class Footer {
    constructor(hostRef) {
        __stencil_registerInstance(this, hostRef);
        /**
         * If `true`, the footer will be translucent. Only applies to `ios` mode.
         * Note: In order to scroll content behind the footer, the `fullscreen`
         * attribute needs to be set on the content.
         */
        this.translucent = false;
    }
    hostData() {
        const mode = getIonMode(this);
        return {
            class: {
                [mode]: true,
                // Used internally for styling
                [`footer-${mode}`]: true,
                [`footer-translucent`]: this.translucent,
                [`footer-translucent-${mode}`]: this.translucent,
            }
        };
    }
    render() { return __stencil_h(__stencil_Host, this.hostData()); }
    static get style() { return "STYLE_TEXT_PLACEHOLDER:ion-footer"; }
}
