import { createEvent as __stencil_createEvent } from "@stencil/core";
import { getConnect as __stencil_getConnect } from "@stencil/core";
import { getContext as __stencil_getContext } from "@stencil/core";
import { getElement as __stencil_getElement } from "@stencil/core";
import { Host as __stencil_Host } from "@stencil/core";
import { h as __stencil_h } from "@stencil/core";
import { registerInstance as __stencil_registerInstance } from "@stencil/core";
import { h } from '@stencil/core';
import { getIonMode } from '../../global/ionic-global';
import { createColorClasses } from '../../utils/theme';
/**
 * @virtualProp {"ios" | "md"} mode - The mode determines which platform styles to use.
 */
export class CardTitle {
    constructor(hostRef) {
        __stencil_registerInstance(this, hostRef);
    }
    hostData() {
        const mode = getIonMode(this);
        return {
            class: Object.assign({}, createColorClasses(this.color), { [mode]: true }),
            'role': 'heading',
            'aria-level': '2'
        };
    }
    __stencil_render() {
        return h("slot", null);
    }
    render() { return __stencil_h(__stencil_Host, this.hostData(), this.__stencil_render()); }
    static get style() { return "STYLE_TEXT_PLACEHOLDER:ion-card-title"; }
}
