import { createEvent as __stencil_createEvent } from "@stencil/core";
import { getConnect as __stencil_getConnect } from "@stencil/core";
import { getContext as __stencil_getContext } from "@stencil/core";
import { getElement as __stencil_getElement } from "@stencil/core";
import { Host as __stencil_Host } from "@stencil/core";
import { h as __stencil_h } from "@stencil/core";
import { registerInstance as __stencil_registerInstance } from "@stencil/core";
import { h, readTask, writeTask } from '@stencil/core';
import { CELL_TYPE_FOOTER, CELL_TYPE_HEADER, CELL_TYPE_ITEM } from './constants';
import { calcCells, calcHeightIndex, doRender, findCellIndex, getRange, getShouldUpdate, getViewport, inplaceUpdate, positionForIndex, resizeBuffer, updateVDom } from './virtual-scroll-utils';
export class VirtualScroll {
    constructor(hostRef) {
        __stencil_registerInstance(this, hostRef);
        this.range = { offset: 0, length: 0 };
        this.viewportHeight = 0;
        this.cells = [];
        this.virtualDom = [];
        this.isEnabled = false;
        this.viewportOffset = 0;
        this.currentScrollTop = 0;
        this.indexDirty = 0;
        this.lastItemLen = 0;
        this.totalHeight = 0;
        /**
         * It is important to provide this
         * if virtual item height will be significantly larger than the default
         * The approximate height of each virtual item template's cell.
         * This dimension is used to help determine how many cells should
         * be created when initialized, and to help calculate the height of
         * the scrollable area. This height value can only use `px` units.
         * Note that the actual rendered size of each cell comes from the
         * app's CSS, whereas this approximation is used to help calculate
         * initial dimensions before the item has been rendered.
         */
        this.approxItemHeight = 45;
        /**
         * The approximate height of each header template's cell.
         * This dimension is used to help determine how many cells should
         * be created when initialized, and to help calculate the height of
         * the scrollable area. This height value can only use `px` units.
         * Note that the actual rendered size of each cell comes from the
         * app's CSS, whereas this approximation is used to help calculate
         * initial dimensions before the item has been rendered.
         */
        this.approxHeaderHeight = 30;
        /**
         * The approximate width of each footer template's cell.
         * This dimension is used to help determine how many cells should
         * be created when initialized, and to help calculate the height of
         * the scrollable area. This height value can only use `px` units.
         * Note that the actual rendered size of each cell comes from the
         * app's CSS, whereas this approximation is used to help calculate
         * initial dimensions before the item has been rendered.
         */
        this.approxFooterHeight = 30;
        this.onScroll = () => {
            this.updateVirtualScroll();
        };
    }
    itemsChanged() {
        this.calcCells();
        this.updateVirtualScroll();
    }
    async componentDidLoad() {
        const contentEl = this.el.closest('ion-content');
        if (!contentEl) {
            console.error('virtual-scroll must be used inside ion-content');
            return;
        }
        await contentEl.componentOnReady();
        this.contentEl = contentEl;
        this.scrollEl = await contentEl.getScrollElement();
        this.calcCells();
        this.updateState();
    }
    componentDidUpdate() {
        this.updateState();
    }
    componentDidUnload() {
        this.scrollEl = undefined;
    }
    onResize() {
        this.updateVirtualScroll();
    }
    /**
     * Returns the position of the virtual item at the given index.
     */
    positionForItem(index) {
        return Promise.resolve(positionForIndex(index, this.cells, this.getHeightIndex()));
    }
    /**
     * This method marks a subset of items as dirty, so they can be re-rendered. Items should be marked as
     * dirty any time the content or their style changes.
     *
     * The subset of items to be updated can are specifing by an offset and a length.
     */
    async checkRange(offset, len = -1) {
        // TODO: kind of hacky how we do in-place updated of the cells
        // array. this part needs a complete refactor
        if (!this.items) {
            return;
        }
        const length = (len === -1)
            ? this.items.length - offset
            : len;
        const cellIndex = findCellIndex(this.cells, offset);
        const cells = calcCells(this.items, this.itemHeight, this.headerFn, this.footerFn, this.approxHeaderHeight, this.approxFooterHeight, this.approxItemHeight, cellIndex, offset, length);
        this.cells = inplaceUpdate(this.cells, cells, cellIndex);
        this.lastItemLen = this.items.length;
        this.indexDirty = Math.max(offset - 1, 0);
        this.scheduleUpdate();
    }
    /**
     * This method marks the tail the items array as dirty, so they can be re-rendered.
     *
     * It's equivalent to calling:
     *
     * ```js
     * virtualScroll.checkRange(lastItemLen);
     * ```
     */
    async checkEnd() {
        if (this.items) {
            this.checkRange(this.lastItemLen);
        }
    }
    updateVirtualScroll() {
        // do nothing if virtual-scroll is disabled
        if (!this.isEnabled || !this.scrollEl) {
            return;
        }
        // unschedule future updates
        if (this.timerUpdate) {
            clearTimeout(this.timerUpdate);
            this.timerUpdate = undefined;
        }
        // schedule DOM operations into the stencil queue
        readTask(this.readVS.bind(this));
        writeTask(this.writeVS.bind(this));
    }
    readVS() {
        const { contentEl, scrollEl, el } = this;
        let topOffset = 0;
        let node = el;
        while (node && node !== contentEl) {
            topOffset += node.offsetTop;
            node = node.parentElement;
        }
        this.viewportOffset = topOffset;
        if (scrollEl) {
            this.viewportHeight = scrollEl.offsetHeight;
            this.currentScrollTop = scrollEl.scrollTop;
        }
    }
    writeVS() {
        const dirtyIndex = this.indexDirty;
        // get visible viewport
        const scrollTop = this.currentScrollTop - this.viewportOffset;
        const viewport = getViewport(scrollTop, this.viewportHeight, 100);
        // compute lazily the height index
        const heightIndex = this.getHeightIndex();
        // get array bounds of visible cells base in the viewport
        const range = getRange(heightIndex, viewport, 2);
        // fast path, do nothing
        const shouldUpdate = getShouldUpdate(dirtyIndex, this.range, range);
        if (!shouldUpdate) {
            return;
        }
        this.range = range;
        // in place mutation of the virtual DOM
        updateVDom(this.virtualDom, heightIndex, this.cells, range);
        // Write DOM
        // Different code paths taken depending of the render API used
        if (this.nodeRender) {
            doRender(this.el, this.nodeRender, this.virtualDom, this.updateCellHeight.bind(this));
        }
        else if (this.domRender) {
            this.domRender(this.virtualDom);
        }
        else if (this.renderItem) {
            this.el.forceUpdate();
        }
    }
    updateCellHeight(cell, node) {
        const update = () => {
            if (node['$ionCell'] === cell) {
                const style = window.getComputedStyle(node);
                const height = node.offsetHeight + parseFloat(style.getPropertyValue('margin-bottom'));
                this.setCellHeight(cell, height);
            }
        };
        if (node && node.componentOnReady) {
            node.componentOnReady().then(update);
        }
        else {
            update();
        }
    }
    setCellHeight(cell, height) {
        const index = cell.i;
        // the cell might changed since the height update was scheduled
        if (cell !== this.cells[index]) {
            return;
        }
        if (cell.height !== height || cell.visible !== true) {
            cell.visible = true;
            cell.height = height;
            this.indexDirty = Math.min(this.indexDirty, index);
            this.scheduleUpdate();
        }
    }
    scheduleUpdate() {
        clearTimeout(this.timerUpdate);
        this.timerUpdate = setTimeout(() => this.updateVirtualScroll(), 100);
    }
    updateState() {
        const shouldEnable = !!(this.scrollEl &&
            this.cells);
        if (shouldEnable !== this.isEnabled) {
            this.enableScrollEvents(shouldEnable);
            if (shouldEnable) {
                this.updateVirtualScroll();
            }
        }
    }
    calcCells() {
        if (!this.items) {
            return;
        }
        this.lastItemLen = this.items.length;
        this.cells = calcCells(this.items, this.itemHeight, this.headerFn, this.footerFn, this.approxHeaderHeight, this.approxFooterHeight, this.approxItemHeight, 0, 0, this.lastItemLen);
        this.indexDirty = 0;
    }
    getHeightIndex() {
        if (this.indexDirty !== Infinity) {
            this.calcHeightIndex(this.indexDirty);
        }
        return this.heightIndex;
    }
    calcHeightIndex(index = 0) {
        // TODO: optimize, we don't need to calculate all the cells
        this.heightIndex = resizeBuffer(this.heightIndex, this.cells.length);
        this.totalHeight = calcHeightIndex(this.heightIndex, this.cells, index);
        this.indexDirty = Infinity;
    }
    enableScrollEvents(shouldListen) {
        if (this.rmEvent) {
            this.rmEvent();
            this.rmEvent = undefined;
        }
        const scrollEl = this.scrollEl;
        if (scrollEl) {
            this.isEnabled = shouldListen;
            scrollEl.addEventListener('scroll', this.onScroll);
            this.rmEvent = () => {
                scrollEl.removeEventListener('scroll', this.onScroll);
            };
        }
    }
    renderVirtualNode(node) {
        const { type, value, index } = node.cell;
        switch (type) {
            case CELL_TYPE_ITEM: return this.renderItem(value, index);
            case CELL_TYPE_HEADER: return this.renderHeader(value, index);
            case CELL_TYPE_FOOTER: return this.renderFooter(value, index);
        }
    }
    hostData() {
        return {
            style: {
                height: `${this.totalHeight}px`
            }
        };
    }
    __stencil_render() {
        if (this.renderItem) {
            return (h(VirtualProxy, { dom: this.virtualDom }, this.virtualDom.map(node => this.renderVirtualNode(node))));
        }
        return undefined;
    }
    get el() { return __stencil_getElement(this); }
    static get watchers() { return {
        "itemHeight": ["itemsChanged"],
        "items": ["itemsChanged"]
    }; }
    render() { return __stencil_h(__stencil_Host, this.hostData(), this.__stencil_render()); }
    static get style() { return "STYLE_TEXT_PLACEHOLDER:ion-virtual-scroll"; }
}
const VirtualProxy = ({ dom }, children, utils) => {
    return utils.map(children, (child, i) => {
        const node = dom[i];
        const vattrs = child.vattrs || {};
        let classes = vattrs.class || '';
        classes += 'virtual-item ';
        if (!node.visible) {
            classes += 'virtual-loading';
        }
        return Object.assign({}, child, { vattrs: Object.assign({}, vattrs, { class: classes, style: Object.assign({}, vattrs.style, { transform: `translate3d(0,${node.top}px,0)` }) }) });
    });
};
