import { createEvent as __stencil_createEvent } from "@stencil/core";
import { getConnect as __stencil_getConnect } from "@stencil/core";
import { getContext as __stencil_getContext } from "@stencil/core";
import { getElement as __stencil_getElement } from "@stencil/core";
import { Host as __stencil_Host } from "@stencil/core";
import { h as __stencil_h } from "@stencil/core";
import { registerInstance as __stencil_registerInstance } from "@stencil/core";
import { getIonMode } from '../../global/ionic-global';
import { createColorClasses } from '../../utils/theme';
/**
 * @virtualProp {"ios" | "md"} mode - The mode determines which platform styles to use.
 */
export class Label {
    constructor(hostRef) {
        __stencil_registerInstance(this, hostRef);
        this.noAnimate = false;
        this.ionStyle = __stencil_createEvent(this, "ionStyle", 7);
    }
    componentWillLoad() {
        this.noAnimate = (this.position === 'floating');
        this.emitStyle();
    }
    componentDidLoad() {
        if (this.noAnimate) {
            setTimeout(() => {
                this.noAnimate = false;
            }, 1000);
        }
    }
    positionChanged() {
        this.emitStyle();
    }
    emitStyle() {
        const position = this.position;
        this.ionStyle.emit({
            'label': true,
            [`label-${position}`]: position !== undefined
        });
    }
    hostData() {
        const position = this.position;
        const mode = getIonMode(this);
        return {
            class: Object.assign({}, createColorClasses(this.color), { [mode]: true, [`label-${position}`]: position !== undefined, [`label-no-animate`]: (this.noAnimate) })
        };
    }
    get el() { return __stencil_getElement(this); }
    static get watchers() { return {
        "position": ["positionChanged"]
    }; }
    render() { return __stencil_h(__stencil_Host, this.hostData()); }
    static get style() { return "STYLE_TEXT_PLACEHOLDER:ion-label"; }
}
