import { createEvent as __stencil_createEvent } from "@stencil/core";
import { getConnect as __stencil_getConnect } from "@stencil/core";
import { getContext as __stencil_getContext } from "@stencil/core";
import { getElement as __stencil_getElement } from "@stencil/core";
import { Host as __stencil_Host } from "@stencil/core";
import { h as __stencil_h } from "@stencil/core";
import { registerInstance as __stencil_registerInstance } from "@stencil/core";
import { h } from '@stencil/core';
import { config } from '../../global/config';
import { getIonMode } from '../../global/ionic-global';
import { debounceEvent } from '../../utils/helpers';
import { sanitizeDOMString } from '../../utils/sanitization';
import { createColorClasses } from '../../utils/theme';
/**
 * @virtualProp {"ios" | "md"} mode - The mode determines which platform styles to use.
 */
export class Searchbar {
    constructor(hostRef) {
        __stencil_registerInstance(this, hostRef);
        this.isCancelVisible = false;
        this.shouldAlignLeft = true;
        this.focused = false;
        this.noAnimate = true;
        /**
         * If `true`, enable searchbar animation.
         */
        this.animated = false;
        /**
         * Set the input's autocomplete property.
         */
        this.autocomplete = 'off';
        /**
         * Set the input's autocorrect property.
         */
        this.autocorrect = 'off';
        /**
         * Set the cancel button icon. Only applies to `md` mode.
         */
        this.cancelButtonIcon = 'md-arrow-back';
        /**
         * Set the the cancel button text. Only applies to `ios` mode.
         */
        this.cancelButtonText = 'Cancel';
        /**
         * Set the amount of time, in milliseconds, to wait to trigger the `ionChange` event after each keystroke.
         */
        this.debounce = 250;
        /**
         * If `true`, the user cannot interact with the input.
         */
        this.disabled = false;
        /**
         * Set the input's placeholder.
         * `placeholder` can accept either plaintext or HTML as a string.
         * To display characters normally reserved for HTML, they
         * must be escaped. For example `<Ionic>` would become
         * `&lt;Ionic&gt;`
         *
         * For more information: [Security Documentation](https://ionicframework.com/docs/faq/security)
         */
        this.placeholder = 'Search';
        /**
         * The icon to use as the search icon.
         */
        this.searchIcon = 'search';
        /**
         * Sets the behavior for the cancel button. Defaults to `"never"`.
         * Setting to `"focus"` shows the cancel button on focus.
         * Setting to `"never"` hides the cancel button.
         * Setting to `"always"` shows the cancel button regardless
         * of focus state.
         */
        this.showCancelButton = 'never';
        /**
         * If `true`, enable spellcheck on the input.
         */
        this.spellcheck = false;
        /**
         * Set the type of the input.
         */
        this.type = 'search';
        /**
         * the value of the searchbar.
         */
        this.value = '';
        /**
         * Clears the input field and triggers the control change.
         */
        this.onClearInput = (ev) => {
            this.ionClear.emit();
            if (ev) {
                ev.preventDefault();
                ev.stopPropagation();
            }
            // setTimeout() fixes https://github.com/ionic-team/ionic/issues/7527
            // wait for 4 frames
            setTimeout(() => {
                const value = this.getValue();
                if (value !== '') {
                    this.value = '';
                    this.ionInput.emit();
                }
            }, 16 * 4);
        };
        /**
         * Clears the input field and tells the input to blur since
         * the clearInput function doesn't want the input to blur
         * then calls the custom cancel function if the user passed one in.
         */
        this.onCancelSearchbar = (ev) => {
            if (ev) {
                ev.preventDefault();
                ev.stopPropagation();
            }
            this.ionCancel.emit();
            this.onClearInput();
            if (this.nativeInput) {
                this.nativeInput.blur();
            }
        };
        /**
         * Update the Searchbar input value when the input changes
         */
        this.onInput = (ev) => {
            const input = ev.target;
            if (input) {
                this.value = input.value;
            }
            this.ionInput.emit(ev);
        };
        /**
         * Sets the Searchbar to not focused and checks if it should align left
         * based on whether there is a value in the searchbar or not.
         */
        this.onBlur = () => {
            this.focused = false;
            this.ionBlur.emit();
            this.positionElements();
        };
        /**
         * Sets the Searchbar to focused and active on input focus.
         */
        this.onFocus = () => {
            this.focused = true;
            this.ionFocus.emit();
            this.positionElements();
        };
        this.ionInput = __stencil_createEvent(this, "ionInput", 7);
        this.ionChange = __stencil_createEvent(this, "ionChange", 7);
        this.ionCancel = __stencil_createEvent(this, "ionCancel", 7);
        this.ionClear = __stencil_createEvent(this, "ionClear", 7);
        this.ionBlur = __stencil_createEvent(this, "ionBlur", 7);
        this.ionFocus = __stencil_createEvent(this, "ionFocus", 7);
    }
    debounceChanged() {
        this.ionChange = debounceEvent(this.ionChange, this.debounce);
    }
    valueChanged() {
        const inputEl = this.nativeInput;
        const value = this.getValue();
        if (inputEl && inputEl.value !== value) {
            inputEl.value = value;
        }
        this.ionChange.emit({ value });
    }
    showCancelButtonChanged() {
        requestAnimationFrame(() => {
            this.positionElements();
            this.el.forceUpdate();
        });
    }
    componentDidLoad() {
        this.positionElements();
        this.debounceChanged();
        setTimeout(() => {
            this.noAnimate = false;
        }, 300);
    }
    /**
     * Sets focus on the specified `ion-searchbar`. Use this method instead of the global
     * `input.focus()`.
     */
    async setFocus() {
        if (this.nativeInput) {
            this.nativeInput.focus();
        }
    }
    /**
     * Returns the native `<input>` element used under the hood.
     */
    getInputElement() {
        return Promise.resolve(this.nativeInput);
    }
    /**
     * Positions the input search icon, placeholder, and the cancel button
     * based on the input value and if it is focused. (ios only)
     */
    positionElements() {
        const value = this.getValue();
        const prevAlignLeft = this.shouldAlignLeft;
        const mode = getIonMode(this);
        const shouldAlignLeft = (!this.animated || value.trim() !== '' || !!this.focused);
        this.shouldAlignLeft = shouldAlignLeft;
        if (mode !== 'ios') {
            return;
        }
        if (prevAlignLeft !== shouldAlignLeft) {
            this.positionPlaceholder();
        }
        if (this.animated) {
            this.positionCancelButton();
        }
    }
    /**
     * Positions the input placeholder
     */
    positionPlaceholder() {
        const inputEl = this.nativeInput;
        if (!inputEl) {
            return;
        }
        const isRTL = document.dir === 'rtl';
        const iconEl = (this.el.shadowRoot || this.el).querySelector('.searchbar-search-icon');
        if (this.shouldAlignLeft) {
            inputEl.removeAttribute('style');
            iconEl.removeAttribute('style');
        }
        else {
            // Create a dummy span to get the placeholder width
            const doc = document;
            const tempSpan = doc.createElement('span');
            tempSpan.innerHTML = sanitizeDOMString(this.placeholder) || '';
            doc.body.appendChild(tempSpan);
            // Get the width of the span then remove it
            const textWidth = tempSpan.offsetWidth;
            tempSpan.remove();
            // Calculate the input padding
            const inputLeft = 'calc(50% - ' + (textWidth / 2) + 'px)';
            // Calculate the icon margin
            const iconLeft = 'calc(50% - ' + ((textWidth / 2) + 30) + 'px)';
            // Set the input padding start and icon margin start
            if (isRTL) {
                inputEl.style.paddingRight = inputLeft;
                iconEl.style.marginRight = iconLeft;
            }
            else {
                inputEl.style.paddingLeft = inputLeft;
                iconEl.style.marginLeft = iconLeft;
            }
        }
    }
    /**
     * Show the iOS Cancel button on focus, hide it offscreen otherwise
     */
    positionCancelButton() {
        const isRTL = document.dir === 'rtl';
        const cancelButton = (this.el.shadowRoot || this.el).querySelector('.searchbar-cancel-button');
        const shouldShowCancel = this.shouldShowCancelButton();
        if (cancelButton && shouldShowCancel !== this.isCancelVisible) {
            const cancelStyle = cancelButton.style;
            this.isCancelVisible = shouldShowCancel;
            if (shouldShowCancel) {
                if (isRTL) {
                    cancelStyle.marginLeft = '0';
                }
                else {
                    cancelStyle.marginRight = '0';
                }
            }
            else {
                const offset = cancelButton.offsetWidth;
                if (offset > 0) {
                    if (isRTL) {
                        cancelStyle.marginLeft = -offset + 'px';
                    }
                    else {
                        cancelStyle.marginRight = -offset + 'px';
                    }
                }
            }
        }
    }
    getValue() {
        return this.value || '';
    }
    hasValue() {
        return this.getValue() !== '';
    }
    /**
     * Determines whether or not the cancel button should be visible onscreen.
     * Cancel button should be shown if one of two conditions applies:
     * 1. `showCancelButton` is set to `always`.
     * 2. `showCancelButton` is set to `focus`, and the searchbar has been focused.
     */
    shouldShowCancelButton() {
        if (isCancelButtonSetToNever(this.showCancelButton) ||
            (isCancelButtonSetToFocus(this.showCancelButton) && !this.focused)) {
            return false;
        }
        return true;
    }
    hostData() {
        const animated = this.animated && config.getBoolean('animated', true);
        const mode = getIonMode(this);
        return {
            'aria-disabled': this.disabled ? 'true' : null,
            class: Object.assign({}, createColorClasses(this.color), { [mode]: true, 'searchbar-animated': animated, 'searchbar-disabled': this.disabled, 'searchbar-no-animate': animated && this.noAnimate, 'searchbar-has-value': this.hasValue(), 'searchbar-left-aligned': this.shouldAlignLeft, 'searchbar-has-focus': this.focused, 'searchbar-should-show-cancel': this.shouldShowCancelButton() })
        };
    }
    __stencil_render() {
        const mode = getIonMode(this);
        const clearIcon = this.clearIcon || (mode === 'ios' ? 'ios-close-circle' : 'md-close');
        const searchIcon = this.searchIcon;
        const cancelButton = !isCancelButtonSetToNever(this.showCancelButton) && (h("button", { type: "button", tabIndex: mode === 'ios' && !this.shouldShowCancelButton() ? -1 : undefined, onMouseDown: this.onCancelSearchbar, onTouchStart: this.onCancelSearchbar, class: "searchbar-cancel-button" }, h("div", null, mode === 'md'
            ? h("ion-icon", { mode: mode, icon: this.cancelButtonIcon, lazy: false })
            : this.cancelButtonText)));
        return [
            h("div", { class: "searchbar-input-container" }, h("input", { disabled: this.disabled, ref: el => this.nativeInput = el, class: "searchbar-input", onInput: this.onInput, onBlur: this.onBlur, onFocus: this.onFocus, placeholder: this.placeholder, type: this.type, value: this.getValue(), autoComplete: this.autocomplete, autoCorrect: this.autocorrect, spellCheck: this.spellcheck }), mode === 'md' && cancelButton, h("ion-icon", { mode: mode, icon: searchIcon, lazy: false, class: "searchbar-search-icon" }), h("button", { type: "button", "no-blur": true, class: "searchbar-clear-button", onMouseDown: this.onClearInput, onTouchStart: this.onClearInput }, h("ion-icon", { mode: mode, icon: clearIcon, lazy: false, class: "searchbar-clear-icon" }))),
            mode === 'ios' && cancelButton
        ];
    }
    get el() { return __stencil_getElement(this); }
    static get watchers() { return {
        "debounce": ["debounceChanged"],
        "value": ["valueChanged"],
        "showCancelButton": ["showCancelButtonChanged"]
    }; }
    render() { return __stencil_h(__stencil_Host, this.hostData(), this.__stencil_render()); }
    static get style() { return "STYLE_TEXT_PLACEHOLDER:ion-searchbar"; }
}
/**
 * Check if the cancel button should never be shown.
 *
 * TODO: Remove this when the `true` and `false`
 * options are removed.
 */
const isCancelButtonSetToNever = (showCancelButton) => {
    return (showCancelButton === 'never' ||
        showCancelButton === 'false' ||
        showCancelButton === false);
};
/**
 * Check if the cancel button should be shown on focus.
 *
 * TODO: Remove this when the `true` and `false`
 * options are removed.
 */
const isCancelButtonSetToFocus = (showCancelButton) => {
    return (showCancelButton === 'focus' ||
        showCancelButton === 'true' ||
        showCancelButton === true ||
        showCancelButton === '');
};
