import { createEvent as __stencil_createEvent } from "@stencil/core";
import { getConnect as __stencil_getConnect } from "@stencil/core";
import { getContext as __stencil_getContext } from "@stencil/core";
import { getElement as __stencil_getElement } from "@stencil/core";
import { Host as __stencil_Host } from "@stencil/core";
import { h as __stencil_h } from "@stencil/core";
import { registerInstance as __stencil_registerInstance } from "@stencil/core";
import { Host, h } from '@stencil/core';
import { getIonMode } from '../../global/ionic-global';
import { hapticSelection } from '../../utils/haptic';
import { findItemLabel, renderHiddenInput } from '../../utils/helpers';
import { createColorClasses, hostContext } from '../../utils/theme';
/**
 * @virtualProp {"ios" | "md"} mode - The mode determines which platform styles to use.
 */
export class Toggle {
    constructor(hostRef) {
        __stencil_registerInstance(this, hostRef);
        this.inputId = `ion-tg-${toggleIds++}`;
        this.lastDrag = 0;
        this.activated = false;
        /**
         * The name of the control, which is submitted with the form data.
         */
        this.name = this.inputId;
        /**
         * If `true`, the toggle is selected.
         */
        this.checked = false;
        /**
         * If `true`, the user cannot interact with the toggle.
         */
        this.disabled = false;
        /**
         * The value of the toggle does not mean if it's checked or not, use the `checked`
         * property for that.
         *
         * The value of a toggle is analogous to the value of a `<input type="checkbox">`,
         * it's only used when the toggle participates in a native `<form>`.
         */
        this.value = 'on';
        this.onClick = () => {
            if (this.lastDrag + 300 < Date.now()) {
                this.checked = !this.checked;
            }
        };
        this.onFocus = () => {
            this.ionFocus.emit();
        };
        this.onBlur = () => {
            this.ionBlur.emit();
        };
        this.ionChange = __stencil_createEvent(this, "ionChange", 7);
        this.ionFocus = __stencil_createEvent(this, "ionFocus", 7);
        this.ionBlur = __stencil_createEvent(this, "ionBlur", 7);
        this.ionStyle = __stencil_createEvent(this, "ionStyle", 7);
    }
    checkedChanged(isChecked) {
        this.ionChange.emit({
            checked: isChecked,
            value: this.value
        });
    }
    disabledChanged() {
        this.emitStyle();
        if (this.gesture) {
            this.gesture.setDisabled(this.disabled);
        }
    }
    componentWillLoad() {
        this.emitStyle();
    }
    async componentDidLoad() {
        this.gesture = (await import('../../utils/gesture')).createGesture({
            el: this.el,
            gestureName: 'toggle',
            gesturePriority: 100,
            threshold: 5,
            passive: false,
            onStart: () => this.onStart(),
            onMove: ev => this.onMove(ev),
            onEnd: ev => this.onEnd(ev),
        });
        this.disabledChanged();
    }
    componentDidUnload() {
        if (this.gesture) {
            this.gesture.destroy();
            this.gesture = undefined;
        }
    }
    emitStyle() {
        this.ionStyle.emit({
            'interactive-disabled': this.disabled,
        });
    }
    onStart() {
        this.activated = true;
        // touch-action does not work in iOS
        this.setFocus();
    }
    onMove(detail) {
        if (shouldToggle(document, this.checked, detail.deltaX, -10)) {
            this.checked = !this.checked;
            hapticSelection();
        }
    }
    onEnd(ev) {
        this.activated = false;
        this.lastDrag = Date.now();
        ev.event.preventDefault();
        ev.event.stopImmediatePropagation();
    }
    getValue() {
        return this.value || '';
    }
    setFocus() {
        if (this.buttonEl) {
            this.buttonEl.focus();
        }
    }
    render() {
        const { inputId, disabled, checked, activated, color, el } = this;
        const mode = getIonMode(this);
        const labelId = inputId + '-lbl';
        const label = findItemLabel(el);
        const value = this.getValue();
        if (label) {
            label.id = labelId;
        }
        renderHiddenInput(true, el, this.name, (checked ? value : ''), disabled);
        return (h(Host, { onClick: this.onClick, role: "checkbox", "aria-disabled": disabled ? 'true' : null, "aria-checked": `${checked}`, "aria-labelledby": labelId, class: Object.assign({}, createColorClasses(color), { [mode]: true, 'in-item': hostContext('ion-item', el), 'toggle-activated': activated, 'toggle-checked': checked, 'toggle-disabled': disabled, 'interactive': true }) }, h("div", { class: "toggle-icon" }, h("div", { class: "toggle-inner" })), h("button", { type: "button", onFocus: this.onFocus, onBlur: this.onBlur, disabled: disabled, ref: btnEl => this.buttonEl = btnEl })));
    }
    get el() { return __stencil_getElement(this); }
    static get watchers() { return {
        "checked": ["checkedChanged"],
        "disabled": ["disabledChanged"]
    }; }
    static get style() { return "STYLE_TEXT_PLACEHOLDER:ion-toggle"; }
}
const shouldToggle = (doc, checked, deltaX, margin) => {
    const isRTL = doc.dir === 'rtl';
    if (checked) {
        return (!isRTL && (margin > deltaX)) ||
            (isRTL && (-margin < deltaX));
    }
    else {
        return (!isRTL && (-margin < deltaX)) ||
            (isRTL && (margin > deltaX));
    }
};
let toggleIds = 0;
