import { createEvent as __stencil_createEvent } from "@stencil/core";
import { getConnect as __stencil_getConnect } from "@stencil/core";
import { getContext as __stencil_getContext } from "@stencil/core";
import { getElement as __stencil_getElement } from "@stencil/core";
import { Host as __stencil_Host } from "@stencil/core";
import { h as __stencil_h } from "@stencil/core";
import { registerInstance as __stencil_registerInstance } from "@stencil/core";
import { h } from '@stencil/core';
import { getIonMode } from '../../global/ionic-global';
import { createColorClasses, openURL } from '../../utils/theme';
/**
 * @virtualProp {"ios" | "md"} mode - The mode determines which platform styles to use.
 */
export class Card {
    constructor(hostRef) {
        __stencil_registerInstance(this, hostRef);
        /**
         * If `true`, a button tag will be rendered and the card will be tappable.
         */
        this.button = false;
        /**
         * The type of the button. Only used when an `onclick` or `button` property is present.
         */
        this.type = 'button';
        /**
         * If `true`, the user cannot interact with the card.
         */
        this.disabled = false;
        /**
         * When using a router, it specifies the transition direction when navigating to
         * another page using `href`.
         */
        this.routerDirection = 'forward';
    }
    isClickable() {
        return (this.href !== undefined || this.button);
    }
    hostData() {
        const mode = getIonMode(this);
        return {
            class: Object.assign({ [mode]: true }, createColorClasses(this.color), { 'card-disabled': this.disabled, 'ion-activatable': this.isClickable() })
        };
    }
    __stencil_render() {
        const clickable = this.isClickable();
        if (!clickable) {
            return [
                h("slot", null)
            ];
        }
        const mode = getIonMode(this);
        const { href, routerDirection } = this;
        const TagType = clickable ? (href === undefined ? 'button' : 'a') : 'div';
        const attrs = (TagType === 'button')
            ? { type: this.type }
            : {
                download: this.download,
                href: this.href,
                rel: this.rel,
                target: this.target
            };
        return (h(TagType, Object.assign({}, attrs, { class: "card-native", disabled: this.disabled, onClick: (ev) => openURL(href, ev, routerDirection) }), h("slot", null), clickable && mode === 'md' && h("ion-ripple-effect", null)));
    }
    render() { return __stencil_h(__stencil_Host, this.hostData(), this.__stencil_render()); }
    static get style() { return "STYLE_TEXT_PLACEHOLDER:ion-card"; }
}
