import { createEvent as __stencil_createEvent } from "@stencil/core";
import { getConnect as __stencil_getConnect } from "@stencil/core";
import { getContext as __stencil_getContext } from "@stencil/core";
import { getElement as __stencil_getElement } from "@stencil/core";
import { Host as __stencil_Host } from "@stencil/core";
import { h as __stencil_h } from "@stencil/core";
import { registerInstance as __stencil_registerInstance } from "@stencil/core";
import { Build, h } from '@stencil/core';
import { attachComponent } from '../../utils/framework-delegate';
export class Tab {
    constructor(hostRef) {
        __stencil_registerInstance(this, hostRef);
        this.loaded = false;
        /** @internal */
        this.active = false;
    }
    componentWillLoad() {
        if (Build.isDev) {
            if (this.component !== undefined && this.el.childElementCount > 0) {
                console.error('You can not use a lazy-loaded component in a tab and inlined content at the same time.' +
                    `- Remove the component attribute in: <ion-tab component="${this.component}">` +
                    ` or` +
                    `- Remove the embedded content inside the ion-tab: <ion-tab></ion-tab>`);
            }
        }
    }
    /** Set the active component for the tab */
    async setActive() {
        await this.prepareLazyLoaded();
        this.active = true;
    }
    async prepareLazyLoaded() {
        if (!this.loaded && this.component != null) {
            this.loaded = true;
            try {
                return attachComponent(this.delegate, this.el, this.component, ['ion-page']);
            }
            catch (e) {
                console.error(e);
            }
        }
        return undefined;
    }
    hostData() {
        const { tab, active, component } = this;
        return {
            'role': 'tabpanel',
            'aria-hidden': !active ? 'true' : null,
            'aria-labelledby': `tab-button-${tab}`,
            'class': {
                'ion-page': component === undefined,
                'tab-hidden': !active
            }
        };
    }
    __stencil_render() {
        return h("slot", null);
    }
    get el() { return __stencil_getElement(this); }
    render() { return __stencil_h(__stencil_Host, this.hostData(), this.__stencil_render()); }
    static get style() { return "STYLE_TEXT_PLACEHOLDER:ion-tab"; }
}
