import { createEvent as __stencil_createEvent } from "@stencil/core";
import { getConnect as __stencil_getConnect } from "@stencil/core";
import { getContext as __stencil_getContext } from "@stencil/core";
import { getElement as __stencil_getElement } from "@stencil/core";
import { Host as __stencil_Host } from "@stencil/core";
import { h as __stencil_h } from "@stencil/core";
import { registerInstance as __stencil_registerInstance } from "@stencil/core";
import { Host, h, readTask } from '@stencil/core';
import { getIonMode } from '../../global/ionic-global';
import { isPlatform } from '../../utils/platform';
import { createColorClasses, hostContext } from '../../utils/theme';
/**
 * @slot - Content is placed in the scrollable area if provided without a slot.
 * @slot fixed - Should be used for fixed content that should not scroll.
 */
export class Content {
    constructor(hostRef) {
        __stencil_registerInstance(this, hostRef);
        this.isScrolling = false;
        this.lastScroll = 0;
        this.queued = false;
        this.cTop = -1;
        this.cBottom = -1;
        // Detail is used in a hot loop in the scroll event, by allocating it here
        // V8 will be able to inline any read/write to it since it's a monomorphic class.
        // https://mrale.ph/blog/2015/01/11/whats-up-with-monomorphism.html
        this.detail = {
            scrollTop: 0,
            scrollLeft: 0,
            type: 'scroll',
            event: undefined,
            startX: 0,
            startY: 0,
            startTimeStamp: 0,
            currentX: 0,
            currentY: 0,
            velocityX: 0,
            velocityY: 0,
            deltaX: 0,
            deltaY: 0,
            timeStamp: 0,
            data: undefined,
            isScrolling: true,
        };
        /**
         * If `true`, the content will scroll behind the headers
         * and footers. This effect can easily be seen by setting the toolbar
         * to transparent.
         */
        this.fullscreen = false;
        /**
         * If you want to enable the content scrolling in the X axis, set this property to `true`.
         */
        this.scrollX = false;
        /**
         * If you want to disable the content scrolling in the Y axis, set this property to `false`.
         */
        this.scrollY = true;
        /**
         * Because of performance reasons, ionScroll events are disabled by default, in order to enable them
         * and start listening from (ionScroll), set this property to `true`.
         */
        this.scrollEvents = false;
        this.ionScrollStart = __stencil_createEvent(this, "ionScrollStart", 7);
        this.ionScroll = __stencil_createEvent(this, "ionScroll", 7);
        this.ionScrollEnd = __stencil_createEvent(this, "ionScrollEnd", 7);
    }
    componentWillLoad() {
        if (this.forceOverscroll === undefined) {
            const mode = getIonMode(this);
            this.forceOverscroll = mode === 'ios' && isPlatform(window, 'mobile');
        }
    }
    componentDidLoad() {
        this.resize();
    }
    componentDidUnload() {
        this.onScrollEnd();
    }
    onClick(ev) {
        if (this.isScrolling) {
            ev.preventDefault();
            ev.stopPropagation();
        }
    }
    resize() {
        if (this.fullscreen) {
            readTask(this.readDimensions.bind(this));
        }
        else if (this.cTop !== 0 || this.cBottom !== 0) {
            this.cTop = this.cBottom = 0;
            this.el.forceUpdate();
        }
    }
    readDimensions() {
        const page = getPageElement(this.el);
        const top = Math.max(this.el.offsetTop, 0);
        const bottom = Math.max(page.offsetHeight - top - this.el.offsetHeight, 0);
        const dirty = top !== this.cTop || bottom !== this.cBottom;
        if (dirty) {
            this.cTop = top;
            this.cBottom = bottom;
            this.el.forceUpdate();
        }
    }
    onScroll(ev) {
        const timeStamp = Date.now();
        const shouldStart = !this.isScrolling;
        this.lastScroll = timeStamp;
        if (shouldStart) {
            this.onScrollStart();
        }
        if (!this.queued && this.scrollEvents) {
            this.queued = true;
            readTask(ts => {
                this.queued = false;
                this.detail.event = ev;
                updateScrollDetail(this.detail, this.scrollEl, ts, shouldStart);
                this.ionScroll.emit(this.detail);
            });
        }
    }
    /**
     * Get the element where the actual scrolling takes place.
     * This element can be used to subscribe to `scroll` events or manually modify
     * `scrollTop`. However, it's recommended to use the API provided by `ion-content`:
     *
     * i.e. Using `ionScroll`, `ionScrollStart`, `ionScrollEnd` for scrolling events
     * and `scrollToPoint()` to scroll the content into a certain point.
     */
    getScrollElement() {
        return Promise.resolve(this.scrollEl);
    }
    /**
     * Scroll to the top of the component.
     *
     * @param duration The amount of time to take scrolling to the top. Defaults to `0`.
     */
    scrollToTop(duration = 0) {
        return this.scrollToPoint(undefined, 0, duration);
    }
    /**
     * Scroll to the bottom of the component.
     *
     * @param duration The amount of time to take scrolling to the bottom. Defaults to `0`.
     */
    scrollToBottom(duration = 0) {
        const y = this.scrollEl.scrollHeight - this.scrollEl.clientHeight;
        return this.scrollToPoint(undefined, y, duration);
    }
    /**
     * Scroll by a specified X/Y distance in the component.
     *
     * @param x The amount to scroll by on the horizontal axis.
     * @param y The amount to scroll by on the vertical axis.
     * @param duration The amount of time to take scrolling by that amount.
     */
    scrollByPoint(x, y, duration) {
        return this.scrollToPoint(x + this.scrollEl.scrollLeft, y + this.scrollEl.scrollTop, duration);
    }
    /**
     * Scroll to a specified X/Y location in the component.
     *
     * @param x The point to scroll to on the horizontal axis.
     * @param y The point to scroll to on the vertical axis.
     * @param duration The amount of time to take scrolling to that point. Defaults to `0`.
     */
    async scrollToPoint(x, y, duration = 0) {
        const el = this.scrollEl;
        if (duration < 32) {
            if (y != null) {
                el.scrollTop = y;
            }
            if (x != null) {
                el.scrollLeft = x;
            }
            return;
        }
        let resolve;
        let startTime = 0;
        const promise = new Promise(r => resolve = r);
        const fromY = el.scrollTop;
        const fromX = el.scrollLeft;
        const deltaY = y != null ? y - fromY : 0;
        const deltaX = x != null ? x - fromX : 0;
        // scroll loop
        const step = (timeStamp) => {
            const linearTime = Math.min(1, ((timeStamp - startTime) / duration)) - 1;
            const easedT = Math.pow(linearTime, 3) + 1;
            if (deltaY !== 0) {
                el.scrollTop = Math.floor((easedT * deltaY) + fromY);
            }
            if (deltaX !== 0) {
                el.scrollLeft = Math.floor((easedT * deltaX) + fromX);
            }
            if (easedT < 1) {
                // do not use DomController here
                // must use nativeRaf in order to fire in the next frame
                // TODO: remove as any
                requestAnimationFrame(step);
            }
            else {
                resolve();
            }
        };
        // chill out for a frame first
        requestAnimationFrame(ts => {
            startTime = ts;
            step(ts);
        });
        return promise;
    }
    onScrollStart() {
        this.isScrolling = true;
        this.ionScrollStart.emit({
            isScrolling: true
        });
        if (this.watchDog) {
            clearInterval(this.watchDog);
        }
        // watchdog
        this.watchDog = setInterval(() => {
            if (this.lastScroll < Date.now() - 120) {
                this.onScrollEnd();
            }
        }, 100);
    }
    onScrollEnd() {
        clearInterval(this.watchDog);
        this.watchDog = null;
        if (this.isScrolling) {
            this.isScrolling = false;
            this.ionScrollEnd.emit({
                isScrolling: false
            });
        }
    }
    render() {
        const mode = getIonMode(this);
        const { scrollX, scrollY, forceOverscroll } = this;
        this.resize();
        return (h(Host, { class: Object.assign({}, createColorClasses(this.color), { [mode]: true, 'content-sizing': hostContext('ion-popover', this.el), 'overscroll': !!this.forceOverscroll }), style: {
                '--offset-top': `${this.cTop}px`,
                '--offset-bottom': `${this.cBottom}px`,
            } }, h("div", { class: {
                'inner-scroll': true,
                'scroll-x': scrollX,
                'scroll-y': scrollY,
                'overscroll': (scrollX || scrollY) && !!forceOverscroll
            }, ref: el => this.scrollEl = el, onScroll: ev => this.onScroll(ev) }, h("slot", null)), h("slot", { name: "fixed" })));
    }
    get el() { return __stencil_getElement(this); }
    static get style() { return "STYLE_TEXT_PLACEHOLDER:ion-content"; }
}
const getParentElement = (el) => {
    if (el.parentElement) {
        // normal element with a parent element
        return el.parentElement;
    }
    if (el.parentNode && el.parentNode.host) {
        // shadow dom's document fragment
        return el.parentNode.host;
    }
    return null;
};
const getPageElement = (el) => {
    const tabs = el.closest('ion-tabs');
    if (tabs) {
        return tabs;
    }
    const page = el.closest('ion-app,ion-page,.ion-page,page-inner');
    if (page) {
        return page;
    }
    return getParentElement(el);
};
// ******** DOM READ ****************
const updateScrollDetail = (detail, el, timestamp, shouldStart) => {
    const prevX = detail.currentX;
    const prevY = detail.currentY;
    const prevT = detail.timeStamp;
    const currentX = el.scrollLeft;
    const currentY = el.scrollTop;
    if (shouldStart) {
        // remember the start positions
        detail.startTimeStamp = timestamp;
        detail.startX = currentX;
        detail.startY = currentY;
        detail.velocityX = detail.velocityY = 0;
    }
    detail.timeStamp = timestamp;
    detail.currentX = detail.scrollLeft = currentX;
    detail.currentY = detail.scrollTop = currentY;
    detail.deltaX = currentX - detail.startX;
    detail.deltaY = currentY - detail.startY;
    const timeDelta = timestamp - prevT;
    if (timeDelta > 0 && timeDelta < 100) {
        const velocityX = (currentX - prevX) / timeDelta;
        const velocityY = (currentY - prevY) / timeDelta;
        detail.velocityX = velocityX * 0.7 + detail.velocityX * 0.3;
        detail.velocityY = velocityY * 0.7 + detail.velocityY * 0.3;
    }
};
