:host {
  left: 0;
  right: 0;
  top: 0;
  bottom: 0;
  position: absolute;
  contain: strict;
  pointer-events: none;
}

:host(.unbounded) {
  contain: layout size style;
}

.ripple-effect {
  border-radius: 50%;
  position: absolute;
  background-color: currentColor;
  color: inherit;
  contain: strict;
  opacity: 0;
  -webkit-animation: 225ms rippleAnimation forwards, 75ms fadeInAnimation forwards;
  animation: 225ms rippleAnimation forwards, 75ms fadeInAnimation forwards;
  will-change: transform, opacity;
  pointer-events: none;
}

.fade-out {
  -webkit-transform: translate(var(--translate-end)) scale(var(--final-scale, 1));
  transform: translate(var(--translate-end)) scale(var(--final-scale, 1));
  -webkit-animation: 150ms fadeOutAnimation forwards;
  animation: 150ms fadeOutAnimation forwards;
}

@-webkit-keyframes rippleAnimation {
  from {
    -webkit-animation-timing-function: cubic-bezier(0.4, 0, 0.2, 1);
    animation-timing-function: cubic-bezier(0.4, 0, 0.2, 1);
    -webkit-transform: scale(1);
    transform: scale(1);
  }
  to {
    -webkit-transform: translate(var(--translate-end)) scale(var(--final-scale, 1));
    transform: translate(var(--translate-end)) scale(var(--final-scale, 1));
  }
}

@keyframes rippleAnimation {
  from {
    -webkit-animation-timing-function: cubic-bezier(0.4, 0, 0.2, 1);
    animation-timing-function: cubic-bezier(0.4, 0, 0.2, 1);
    -webkit-transform: scale(1);
    transform: scale(1);
  }
  to {
    -webkit-transform: translate(var(--translate-end)) scale(var(--final-scale, 1));
    transform: translate(var(--translate-end)) scale(var(--final-scale, 1));
  }
}
@-webkit-keyframes fadeInAnimation {
  from {
    -webkit-animation-timing-function: linear;
    animation-timing-function: linear;
    opacity: 0;
  }
  to {
    opacity: 0.16;
  }
}
@keyframes fadeInAnimation {
  from {
    -webkit-animation-timing-function: linear;
    animation-timing-function: linear;
    opacity: 0;
  }
  to {
    opacity: 0.16;
  }
}
@-webkit-keyframes fadeOutAnimation {
  from {
    -webkit-animation-timing-function: linear;
    animation-timing-function: linear;
    opacity: 0.16;
  }
  to {
    opacity: 0;
  }
}
@keyframes fadeOutAnimation {
  from {
    -webkit-animation-timing-function: linear;
    animation-timing-function: linear;
    opacity: 0.16;
  }
  to {
    opacity: 0;
  }
}