ion-split-pane {
  /**
   * @prop --border: Border between panes
   */
  left: 0;
  right: 0;
  top: 0;
  bottom: 0;
  display: -ms-flexbox;
  display: flex;
  position: absolute;
  -ms-flex-direction: row;
  flex-direction: row;
  -ms-flex-wrap: nowrap;
  flex-wrap: nowrap;
  contain: strict;
}

.split-pane-visible > .split-pane-side,
.split-pane-visible > .split-pane-main {
  left: 0;
  right: 0;
  top: 0;
  bottom: 0;
  position: relative;
  -ms-flex: 1;
  flex: 1;
  /* stylelint-disable-next-line declaration-no-important */
  -webkit-box-shadow: none !important;
  box-shadow: none !important;
  z-index: 0;
}

.split-pane-visible > .split-pane-side:not(ion-menu),
.split-pane-visible > ion-menu.split-pane-side.menu-enabled {
  display: -ms-flexbox;
  display: flex;
  -ms-flex-negative: 0;
  flex-shrink: 0;
}

.split-pane-side:not(ion-menu) {
  display: none;
}

.split-pane-visible > .split-pane-side {
  -ms-flex-order: -1;
  order: -1;
}

.split-pane-visible > .split-pane-side[side=end] {
  -ms-flex-order: 1;
  order: 1;
}

.split-pane-ios {
  --border: 0.55px solid var(--ion-item-border-color, var(--ion-border-color, var(--ion-color-step-150, #c8c7cc)));
}

.split-pane-ios.split-pane-visible > .split-pane-side {
  min-width: 270px;
  max-width: 28%;
  border-right: var(--border);
  border-left: 0;
}

.split-pane-ios.split-pane-visible > .split-pane-side[side=end] {
  min-width: 270px;
  max-width: 28%;
  border-right: 0;
  border-left: var(--border);
}