:host {
  /**
   * @prop --background: Background of the toggle
   * @prop --background-checked: Background of the toggle when checked
   * @prop --handle-background: Background of the toggle handle
   * @prop --handle-background-checked: Background of the toggle handle when checked
   */
  /* stylelint-disable-next-line declaration-no-important */
  -webkit-box-sizing: content-box !important;
  box-sizing: content-box !important;
  display: inline-block;
  outline: none;
  contain: content;
  cursor: pointer;
  -ms-touch-action: none;
  touch-action: none;
  -webkit-user-select: none;
  -moz-user-select: none;
  -ms-user-select: none;
  user-select: none;
  z-index: 2;
}

:host(.ion-focused) input {
  border: 2px solid #5e9ed6;
}

:host(.toggle-disabled) {
  pointer-events: none;
}

button {
  left: 0;
  top: 0;
  margin-left: 0;
  margin-right: 0;
  margin-top: 0;
  margin-bottom: 0;
  position: absolute;
  width: 100%;
  height: 100%;
  border: 0;
  background: transparent;
  cursor: pointer;
  -webkit-appearance: none;
  -moz-appearance: none;
  appearance: none;
  outline: none;
}
[dir=rtl] button, :host-context([dir=rtl]) button {
  left: unset;
  right: unset;
  right: 0;
}

button::-moz-focus-inner {
  border: 0;
}

:host {
  --background: var(--ion-color-medium-tint, #a2a4ab);
  --background-checked: rgba(var(--ion-color-primary-rgb, 56, 128, 255), 0.5);
  --handle-background: var(--ion-background-color, #fff);
  --handle-background-checked: var(--ion-color-primary, #3880ff);
  padding-left: 12px;
  padding-right: 12px;
  padding-top: 12px;
  padding-bottom: 12px;
  -webkit-box-sizing: content-box;
  box-sizing: content-box;
  position: relative;
  width: 36px;
  height: 14px;
  contain: strict;
}
@supports ((-webkit-margin-start: 0) or (margin-inline-start: 0)) or (-webkit-margin-start: 0) {
  :host {
    padding-left: unset;
    padding-right: unset;
    -webkit-padding-start: 12px;
    padding-inline-start: 12px;
    -webkit-padding-end: 12px;
    padding-inline-end: 12px;
  }
}

:host(.ion-color.toggle-checked) .toggle-icon {
  background: rgba(var(--ion-color-base-rgb), 0.5);
}

:host(.ion-color.toggle-checked) .toggle-inner {
  background: var(--ion-color-base);
}

.toggle-icon {
  border-radius: 14px;
  display: block;
  position: relative;
  width: 100%;
  height: 100%;
  -webkit-transition: background-color 160ms;
  transition: background-color 160ms;
  background: var(--background);
  pointer-events: none;
}

.toggle-inner {
  left: 0;
  top: -3px;
  border-radius: 50%;
  position: absolute;
  width: 20px;
  height: 20px;
  -webkit-transition-duration: 160ms;
  transition-duration: 160ms;
  -webkit-transition-property: background-color, -webkit-transform;
  transition-property: background-color, -webkit-transform;
  transition-property: transform, background-color;
  transition-property: transform, background-color, -webkit-transform;
  -webkit-transition-timing-function: cubic-bezier(0.4, 0, 0.2, 1);
  transition-timing-function: cubic-bezier(0.4, 0, 0.2, 1);
  background: var(--handle-background);
  -webkit-box-shadow: 0 2px 2px 0 rgba(0, 0, 0, 0.14), 0 3px 1px -2px rgba(0, 0, 0, 0.2), 0 1px 5px 0 rgba(0, 0, 0, 0.12);
  box-shadow: 0 2px 2px 0 rgba(0, 0, 0, 0.14), 0 3px 1px -2px rgba(0, 0, 0, 0.2), 0 1px 5px 0 rgba(0, 0, 0, 0.12);
  will-change: transform, background-color;
  contain: strict;
}
[dir=rtl] .toggle-inner, :host-context([dir=rtl]) .toggle-inner {
  left: unset;
  right: unset;
  right: 0;
}

:host(.toggle-checked) .toggle-icon {
  background: var(--background-checked);
}

:host(.toggle-checked) .toggle-inner {
  -webkit-transform: translate3d(16px,  0,  0);
  transform: translate3d(16px,  0,  0);
  background: var(--handle-background-checked);
}
:host-context([dir=rtl]):host(.toggle-checked) .toggle-inner, :host-context([dir=rtl]).toggle-checked .toggle-inner {
  -webkit-transform: translate3d(calc(-1 * 16px),  0,  0);
  transform: translate3d(calc(-1 * 16px),  0,  0);
}

:host(.toggle-disabled) {
  opacity: 0.3;
}

:host(.in-item[slot]) {
  margin-left: 0;
  margin-right: 0;
  margin-top: 0;
  margin-bottom: 0;
  padding-left: 16px;
  padding-right: 0;
  padding-top: 12px;
  padding-bottom: 12px;
  cursor: pointer;
}
@supports ((-webkit-margin-start: 0) or (margin-inline-start: 0)) or (-webkit-margin-start: 0) {
  :host(.in-item[slot]) {
    padding-left: unset;
    padding-right: unset;
    -webkit-padding-start: 16px;
    padding-inline-start: 16px;
    -webkit-padding-end: 0;
    padding-inline-end: 0;
  }
}

:host(.in-item[slot=start]) {
  padding-left: 2px;
  padding-right: 18px;
  padding-top: 12px;
  padding-bottom: 12px;
}
@supports ((-webkit-margin-start: 0) or (margin-inline-start: 0)) or (-webkit-margin-start: 0) {
  :host(.in-item[slot=start]) {
    padding-left: unset;
    padding-right: unset;
    -webkit-padding-start: 2px;
    padding-inline-start: 2px;
    -webkit-padding-end: 18px;
    padding-inline-end: 18px;
  }
}