ion-item-sliding {
  display: block;
  position: relative;
  width: 100%;
  overflow: hidden;
  -webkit-user-select: none;
  -moz-user-select: none;
  -ms-user-select: none;
  user-select: none;
}

ion-item-sliding .item {
  -webkit-user-select: none;
  -moz-user-select: none;
  -ms-user-select: none;
  user-select: none;
}

.item-sliding-active-slide .item {
  position: relative;
  -webkit-transition: -webkit-transform 500ms cubic-bezier(0.36, 0.66, 0.04, 1);
  transition: -webkit-transform 500ms cubic-bezier(0.36, 0.66, 0.04, 1);
  transition: transform 500ms cubic-bezier(0.36, 0.66, 0.04, 1);
  transition: transform 500ms cubic-bezier(0.36, 0.66, 0.04, 1), -webkit-transform 500ms cubic-bezier(0.36, 0.66, 0.04, 1);
  opacity: 1;
  z-index: 2;
  pointer-events: none;
  will-change: transform;
}

.item-sliding-active-swipe-end .item-options-end .item-option-expandable {
  /* stylelint-disable-next-line property-blacklist */
  padding-left: 100%;
  -ms-flex-order: 1;
  order: 1;
  -webkit-transition-duration: 0.6s;
  transition-duration: 0.6s;
  -webkit-transition-property: padding-left;
  transition-property: padding-left;
}
[dir=rtl] .item-sliding-active-swipe-end .item-options-end .item-option-expandable, :host-context([dir=rtl]) .item-sliding-active-swipe-end .item-options-end .item-option-expandable {
  -ms-flex-order: -1;
  order: -1;
}

.item-sliding-active-swipe-start .item-options-start .item-option-expandable {
  /* stylelint-disable-next-line property-blacklist */
  padding-right: 100%;
  -ms-flex-order: -1;
  order: -1;
  -webkit-transition-duration: 0.6s;
  transition-duration: 0.6s;
  -webkit-transition-property: padding-right;
  transition-property: padding-right;
}
[dir=rtl] .item-sliding-active-swipe-start .item-options-start .item-option-expandable, :host-context([dir=rtl]) .item-sliding-active-swipe-start .item-options-start .item-option-expandable {
  -ms-flex-order: 1;
  order: 1;
}