ion-slide {
  display: block;
  width: 100%;
  height: 100%;
}

.slide-zoom {
  display: block;
  width: 100%;
  text-align: center;
}

.swiper-slide {
  display: -ms-flexbox;
  display: flex;
  position: relative;
  -ms-flex-negative: 0;
  flex-shrink: 0;
  -ms-flex-align: center;
  align-items: center;
  -ms-flex-pack: center;
  justify-content: center;
  width: 100%;
  height: 100%;
  font-size: 18px;
  text-align: center;
  -webkit-box-sizing: border-box;
  box-sizing: border-box;
}

.swiper-slide img {
  width: auto;
  max-width: 100%;
  height: auto;
  max-height: 100%;
}