var __awaiter = (this && this.__awaiter) || function (thisArg, _arguments, P, generator) {
    return new (P || (P = Promise))(function (resolve, reject) {
        function fulfilled(value) { try { step(generator.next(value)); } catch (e) { reject(e); } }
        function rejected(value) { try { step(generator["throw"](value)); } catch (e) { reject(e); } }
        function step(result) { result.done ? resolve(result.value) : new P(function (resolve) { resolve(result.value); }).then(fulfilled, rejected); }
        step((generator = generator.apply(thisArg, _arguments || [])).next());
    });
};
var __generator = (this && this.__generator) || function (thisArg, body) {
    var _ = { label: 0, sent: function() { if (t[0] & 1) throw t[1]; return t[1]; }, trys: [], ops: [] }, f, y, t, g;
    return g = { next: verb(0), "throw": verb(1), "return": verb(2) }, typeof Symbol === "function" && (g[Symbol.iterator] = function() { return this; }), g;
    function verb(n) { return function (v) { return step([n, v]); }; }
    function step(op) {
        if (f) throw new TypeError("Generator is already executing.");
        while (_) try {
            if (f = 1, y && (t = op[0] & 2 ? y["return"] : op[0] ? y["throw"] || ((t = y["return"]) && t.call(y), 0) : y.next) && !(t = t.call(y, op[1])).done) return t;
            if (y = 0, t) op = [op[0] & 2, t.value];
            switch (op[0]) {
                case 0: case 1: t = op; break;
                case 4: _.label++; return { value: op[1], done: false };
                case 5: _.label++; y = op[1]; op = [0]; continue;
                case 7: op = _.ops.pop(); _.trys.pop(); continue;
                default:
                    if (!(t = _.trys, t = t.length > 0 && t[t.length - 1]) && (op[0] === 6 || op[0] === 2)) { _ = 0; continue; }
                    if (op[0] === 3 && (!t || (op[1] > t[0] && op[1] < t[3]))) { _.label = op[1]; break; }
                    if (op[0] === 6 && _.label < t[1]) { _.label = t[1]; t = op; break; }
                    if (t && _.label < t[2]) { _.label = t[2]; _.ops.push(op); break; }
                    if (t[2]) _.ops.pop();
                    _.trys.pop(); continue;
            }
            op = body.call(thisArg, _);
        } catch (e) { op = [6, e]; y = 0; } finally { f = t = 0; }
        if (op[0] & 5) throw op[1]; return { value: op[0] ? op[1] : void 0, done: true };
    }
};
System.register(['./chunk-5603b3cb.system.js', './chunk-125cd98f.system.js', './chunk-17730780.system.js'], function (exports) {
    'use strict';
    var registerInstance, getIonMode, createEvent, h, getElement, Host, present, dismiss, eventMethod, safeCall, getClassMap;
    return {
        setters: [function (module) {
                registerInstance = module.r;
                getIonMode = module.f;
                createEvent = module.d;
                h = module.h;
                getElement = module.c;
                Host = module.H;
            }, function (module) {
                present = module.p;
                dismiss = module.d;
                eventMethod = module.e;
                safeCall = module.s;
            }, function (module) {
                getClassMap = module.g;
            }],
        execute: function () {
            /**
             * iOS Picker Enter Animation
             */
            var iosEnterAnimation = function (AnimationC, baseEl) {
                var baseAnimation = new AnimationC();
                var backdropAnimation = new AnimationC();
                backdropAnimation.addElement(baseEl.querySelector('ion-backdrop'));
                var wrapperAnimation = new AnimationC();
                wrapperAnimation.addElement(baseEl.querySelector('.picker-wrapper'));
                backdropAnimation.fromTo('opacity', 0.01, 0.26);
                wrapperAnimation.fromTo('translateY', '100%', '0%');
                return Promise.resolve(baseAnimation
                    .addElement(baseEl)
                    .easing('cubic-bezier(.36,.66,.04,1)')
                    .duration(400)
                    .add(backdropAnimation)
                    .add(wrapperAnimation));
            };
            /**
             * iOS Picker Leave Animation
             */
            var iosLeaveAnimation = function (AnimationC, baseEl) {
                var baseAnimation = new AnimationC();
                var backdropAnimation = new AnimationC();
                backdropAnimation.addElement(baseEl.querySelector('ion-backdrop'));
                var wrapperAnimation = new AnimationC();
                wrapperAnimation.addElement(baseEl.querySelector('.picker-wrapper'));
                backdropAnimation.fromTo('opacity', 0.26, 0.01);
                wrapperAnimation.fromTo('translateY', '0%', '100%');
                return Promise.resolve(baseAnimation
                    .addElement(baseEl)
                    .easing('cubic-bezier(.36,.66,.04,1)')
                    .duration(400)
                    .add(backdropAnimation)
                    .add(wrapperAnimation));
            };
            /**
             * @virtualProp {"ios" | "md"} mode - The mode determines which platform styles to use.
             */
            var Picker = /** @class */ (function () {
                function Picker(hostRef) {
                    registerInstance(this, hostRef);
                    this.mode = getIonMode(this);
                    this.presented = false;
                    /**
                     * If `true`, the keyboard will be automatically dismissed when the overlay is presented.
                     */
                    this.keyboardClose = true;
                    /**
                     * Array of buttons to be displayed at the top of the picker.
                     */
                    this.buttons = [];
                    /**
                     * Array of columns to be displayed in the picker.
                     */
                    this.columns = [];
                    /**
                     * Number of milliseconds to wait before dismissing the picker.
                     */
                    this.duration = 0;
                    /**
                     * If `true`, a backdrop will be displayed behind the picker.
                     */
                    this.showBackdrop = true;
                    /**
                     * If `true`, the picker will be dismissed when the backdrop is clicked.
                     */
                    this.backdropDismiss = true;
                    /**
                     * If `true`, the picker will animate.
                     */
                    this.animated = true;
                    this.didPresent = createEvent(this, "ionPickerDidPresent", 7);
                    this.willPresent = createEvent(this, "ionPickerWillPresent", 7);
                    this.willDismiss = createEvent(this, "ionPickerWillDismiss", 7);
                    this.didDismiss = createEvent(this, "ionPickerDidDismiss", 7);
                }
                Picker.prototype.onBackdropTap = function () {
                    var cancelBtn = this.buttons.find(function (b) { return b.role === 'cancel'; });
                    if (cancelBtn) {
                        this.buttonClick(cancelBtn);
                    }
                    else {
                        this.dismiss();
                    }
                };
                /**
                 * Present the picker overlay after it has been created.
                 */
                Picker.prototype.present = function () {
                    return __awaiter(this, void 0, void 0, function () {
                        var _this = this;
                        return __generator(this, function (_a) {
                            switch (_a.label) {
                                case 0: return [4 /*yield*/, present(this, 'pickerEnter', iosEnterAnimation, iosEnterAnimation, undefined)];
                                case 1:
                                    _a.sent();
                                    if (this.duration > 0) {
                                        this.durationTimeout = setTimeout(function () { return _this.dismiss(); }, this.duration);
                                    }
                                    return [2 /*return*/];
                            }
                        });
                    });
                };
                /**
                 * Dismiss the picker overlay after it has been presented.
                 *
                 * @param data Any data to emit in the dismiss events.
                 * @param role The role of the element that is dismissing the picker.
                 * This can be useful in a button handler for determining which button was
                 * clicked to dismiss the picker.
                 * Some examples include: ``"cancel"`, `"destructive"`, "selected"`, and `"backdrop"`.
                 */
                Picker.prototype.dismiss = function (data, role) {
                    if (this.durationTimeout) {
                        clearTimeout(this.durationTimeout);
                    }
                    return dismiss(this, data, role, 'pickerLeave', iosLeaveAnimation, iosLeaveAnimation);
                };
                /**
                 * Returns a promise that resolves when the picker did dismiss.
                 */
                Picker.prototype.onDidDismiss = function () {
                    return eventMethod(this.el, 'ionPickerDidDismiss');
                };
                /**
                 * Returns a promise that resolves when the picker will dismiss.
                 */
                Picker.prototype.onWillDismiss = function () {
                    return eventMethod(this.el, 'ionPickerWillDismiss');
                };
                /**
                 * Get the column that matches the specified name.
                 *
                 * @param name The name of the column.
                 */
                Picker.prototype.getColumn = function (name) {
                    return Promise.resolve(this.columns.find(function (column) { return column.name === name; }));
                };
                Picker.prototype.buttonClick = function (button) {
                    // if (this.disabled) {
                    //   return;
                    // }
                    // keep the time of the most recent button click
                    // a handler has been provided, execute it
                    // pass the handler the values from the inputs
                    var shouldDismiss = safeCall(button.handler, this.getSelected()) !== false;
                    if (shouldDismiss) {
                        return this.dismiss();
                    }
                    return Promise.resolve(false);
                };
                Picker.prototype.getSelected = function () {
                    var selected = {};
                    this.columns.forEach(function (col, index) {
                        var selectedColumn = col.selectedIndex !== undefined
                            ? col.options[col.selectedIndex]
                            : undefined;
                        selected[col.name] = {
                            text: selectedColumn ? selectedColumn.text : undefined,
                            value: selectedColumn ? selectedColumn.value : undefined,
                            columnIndex: index
                        };
                    });
                    return selected;
                };
                Picker.prototype.hostData = function () {
                    var _a;
                    var mode = getIonMode(this);
                    return {
                        'aria-modal': 'true',
                        class: Object.assign((_a = {}, _a[mode] = true, 
                        // Used internally for styling
                        _a["picker-" + mode] = true, _a), getClassMap(this.cssClass)),
                        style: {
                            zIndex: 20000 + this.overlayIndex
                        }
                    };
                };
                Picker.prototype.__stencil_render = function () {
                    var _this = this;
                    return [
                        h("ion-backdrop", { visible: this.showBackdrop, tappable: this.backdropDismiss }),
                        h("div", { class: "picker-wrapper", role: "dialog" }, h("div", { class: "picker-toolbar" }, this.buttons.map(function (b) { return (h("div", { class: buttonWrapperClass(b) }, h("button", { type: "button", onClick: function () { return _this.buttonClick(b); }, class: buttonClass(b) }, b.text))); })), h("div", { class: "picker-columns" }, h("div", { class: "picker-above-highlight" }), this.presented && this.columns.map(function (c) { return h("ion-picker-column", { col: c }); }), h("div", { class: "picker-below-highlight" })))
                    ];
                };
                Object.defineProperty(Picker.prototype, "el", {
                    get: function () { return getElement(this); },
                    enumerable: true,
                    configurable: true
                });
                Picker.prototype.render = function () { return h(Host, this.hostData(), this.__stencil_render()); };
                Object.defineProperty(Picker, "style", {
                    get: function () { return "STYLE_TEXT_PLACEHOLDER:ion-picker"; },
                    enumerable: true,
                    configurable: true
                });
                return Picker;
            }());
            exports('ion_picker', Picker);
            var buttonWrapperClass = function (button) {
                var _a;
                return _a = {},
                    _a["picker-toolbar-" + button.role] = button.role !== undefined,
                    _a['picker-toolbar-button'] = true,
                    _a;
            };
            var buttonClass = function (button) {
                return Object.assign({ 'picker-button': true, 'ion-activatable': true }, getClassMap(button.cssClass));
            };
        }
    };
});
