System.register(['./chunk-5603b3cb.system.js', './chunk-17730780.system.js'], function (exports) {
    'use strict';
    var registerInstance, getIonMode, h, Host, createColorClasses;
    return {
        setters: [function (module) {
                registerInstance = module.r;
                getIonMode = module.f;
                h = module.h;
                Host = module.H;
            }, function (module) {
                createColorClasses = module.c;
            }],
        execute: function () {
            /**
             * @virtualProp {"ios" | "md"} mode - The mode determines which platform styles to use.
             */
            var Chip = /** @class */ (function () {
                function Chip(hostRef) {
                    registerInstance(this, hostRef);
                    /**
                     * Display an outline style button.
                     */
                    this.outline = false;
                }
                Chip.prototype.hostData = function () {
                    var _a;
                    var mode = getIonMode(this);
                    return {
                        class: Object.assign({}, createColorClasses(this.color), (_a = {}, _a[mode] = true, _a['chip-outline'] = this.outline, _a['ion-activatable'] = true, _a))
                    };
                };
                Chip.prototype.__stencil_render = function () {
                    var mode = getIonMode(this);
                    return [
                        h("slot", null),
                        mode === 'md' ? h("ion-ripple-effect", null) : null
                    ];
                };
                Chip.prototype.render = function () { return h(Host, this.hostData(), this.__stencil_render()); };
                Object.defineProperty(Chip, "style", {
                    get: function () { return "STYLE_TEXT_PLACEHOLDER:ion-chip"; },
                    enumerable: true,
                    configurable: true
                });
                return Chip;
            }());
            exports('ion_chip', Chip);
        }
    };
});
