System.register(['./chunk-5603b3cb.system.js', './chunk-17730780.system.js'], function (exports) {
    'use strict';
    var registerInstance, getIonMode, h, Host, createColorClasses;
    return {
        setters: [function (module) {
                registerInstance = module.r;
                getIonMode = module.f;
                h = module.h;
                Host = module.H;
            }, function (module) {
                createColorClasses = module.c;
            }],
        execute: function () {
            /**
             * @virtualProp {"ios" | "md"} mode - The mode determines which platform styles to use.
             */
            var CardHeader = /** @class */ (function () {
                function CardHeader(hostRef) {
                    registerInstance(this, hostRef);
                    /**
                     * If `true`, the card header will be translucent.
                     */
                    this.translucent = false;
                }
                CardHeader.prototype.hostData = function () {
                    var _a;
                    var mode = getIonMode(this);
                    return {
                        class: Object.assign({}, createColorClasses(this.color), (_a = { 'card-header-translucent': this.translucent }, _a[mode] = true, _a))
                    };
                };
                CardHeader.prototype.__stencil_render = function () {
                    return h("slot", null);
                };
                CardHeader.prototype.render = function () { return h(Host, this.hostData(), this.__stencil_render()); };
                Object.defineProperty(CardHeader, "style", {
                    get: function () { return "STYLE_TEXT_PLACEHOLDER:ion-card-header"; },
                    enumerable: true,
                    configurable: true
                });
                return CardHeader;
            }());
            exports('ion_card_header', CardHeader);
        }
    };
});
