System.register(['./chunk-5603b3cb.system.js', './chunk-125cd98f.system.js', './chunk-17730780.system.js', './chunk-02683056.system.js'], function (exports) {
    'use strict';
    var registerInstance, getIonMode, createEvent, h, getElement, Host, BACKDROP, isCancel, present, dismiss, eventMethod, safeCall, getClassMap, sanitizeDOMString;
    return {
        setters: [function (module) {
                registerInstance = module.r;
                getIonMode = module.f;
                createEvent = module.d;
                h = module.h;
                getElement = module.c;
                Host = module.H;
            }, function (module) {
                BACKDROP = module.B;
                isCancel = module.i;
                present = module.p;
                dismiss = module.d;
                eventMethod = module.e;
                safeCall = module.s;
            }, function (module) {
                getClassMap = module.g;
            }, function (module) {
                sanitizeDOMString = module.s;
            }],
        execute: function () {
            /**
             * iOS Alert Enter Animation
             */
            var iosEnterAnimation = function (AnimationC, baseEl) {
                var baseAnimation = new AnimationC();
                var backdropAnimation = new AnimationC();
                backdropAnimation.addElement(baseEl.querySelector('ion-backdrop'));
                var wrapperAnimation = new AnimationC();
                wrapperAnimation.addElement(baseEl.querySelector('.alert-wrapper'));
                backdropAnimation.fromTo('opacity', 0.01, 0.3);
                wrapperAnimation.fromTo('opacity', 0.01, 1).fromTo('scale', 1.1, 1);
                var ani = baseAnimation
                    .addElement(baseEl)
                    .easing('ease-in-out')
                    .duration(200)
                    .add(backdropAnimation)
                    .add(wrapperAnimation);
                return Promise.resolve(ani);
            };
            /**
             * iOS Alert Leave Animation
             */
            var iosLeaveAnimation = function (AnimationC, baseEl) {
                var baseAnimation = new AnimationC();
                var backdropAnimation = new AnimationC();
                backdropAnimation.addElement(baseEl.querySelector('ion-backdrop'));
                var wrapperAnimation = new AnimationC();
                wrapperAnimation.addElement(baseEl.querySelector('.alert-wrapper'));
                backdropAnimation.fromTo('opacity', 0.3, 0);
                wrapperAnimation.fromTo('opacity', 0.99, 0).fromTo('scale', 1, 0.9);
                var ani = baseAnimation
                    .addElement(baseEl)
                    .easing('ease-in-out')
                    .duration(200)
                    .add(backdropAnimation)
                    .add(wrapperAnimation);
                return Promise.resolve(ani);
            };
            /**
             * Md Alert Enter Animation
             */
            var mdEnterAnimation = function (AnimationC, baseEl) {
                var baseAnimation = new AnimationC();
                var backdropAnimation = new AnimationC();
                backdropAnimation.addElement(baseEl.querySelector('ion-backdrop'));
                var wrapperAnimation = new AnimationC();
                wrapperAnimation.addElement(baseEl.querySelector('.alert-wrapper'));
                backdropAnimation.fromTo('opacity', 0.01, 0.32);
                wrapperAnimation.fromTo('opacity', 0.01, 1).fromTo('scale', 0.9, 1);
                return Promise.resolve(baseAnimation
                    .addElement(baseEl)
                    .easing('ease-in-out')
                    .duration(150)
                    .add(backdropAnimation)
                    .add(wrapperAnimation));
            };
            /**
             * Md Alert Leave Animation
             */
            var mdLeaveAnimation = function (AnimationC, baseEl) {
                var baseAnimation = new AnimationC();
                var backdropAnimation = new AnimationC();
                backdropAnimation.addElement(baseEl.querySelector('ion-backdrop'));
                var wrapperAnimation = new AnimationC();
                wrapperAnimation.addElement(baseEl.querySelector('.alert-wrapper'));
                backdropAnimation.fromTo('opacity', 0.32, 0);
                wrapperAnimation.fromTo('opacity', 0.99, 0);
                return Promise.resolve(baseAnimation
                    .addElement(baseEl)
                    .easing('ease-in-out')
                    .duration(150)
                    .add(backdropAnimation)
                    .add(wrapperAnimation));
            };
            /**
             * @virtualProp {"ios" | "md"} mode - The mode determines which platform styles to use.
             */
            var Alert = /** @class */ (function () {
                function Alert(hostRef) {
                    registerInstance(this, hostRef);
                    this.processedInputs = [];
                    this.processedButtons = [];
                    this.presented = false;
                    this.mode = getIonMode(this);
                    /**
                     * If `true`, the keyboard will be automatically dismissed when the overlay is presented.
                     */
                    this.keyboardClose = true;
                    /**
                     * Array of buttons to be added to the alert.
                     */
                    this.buttons = [];
                    /**
                     * Array of input to show in the alert.
                     */
                    this.inputs = [];
                    /**
                     * If `true`, the alert will be dismissed when the backdrop is clicked.
                     */
                    this.backdropDismiss = true;
                    /**
                     * If `true`, the alert will be translucent.
                     */
                    this.translucent = false;
                    /**
                     * If `true`, the alert will animate.
                     */
                    this.animated = true;
                    this.didPresent = createEvent(this, "ionAlertDidPresent", 7);
                    this.willPresent = createEvent(this, "ionAlertWillPresent", 7);
                    this.willDismiss = createEvent(this, "ionAlertWillDismiss", 7);
                    this.didDismiss = createEvent(this, "ionAlertDidDismiss", 7);
                }
                Alert.prototype.buttonsChanged = function () {
                    var buttons = this.buttons;
                    this.processedButtons = buttons.map(function (btn) {
                        return (typeof btn === 'string')
                            ? { text: btn, role: btn.toLowerCase() === 'cancel' ? 'cancel' : undefined }
                            : btn;
                    });
                };
                Alert.prototype.inputsChanged = function () {
                    var _this = this;
                    var inputs = this.inputs;
                    // An alert can be created with several different inputs. Radios,
                    // checkboxes and inputs are all accepted, but they cannot be mixed.
                    var inputTypes = new Set(inputs.map(function (i) { return i.type; }));
                    if (inputTypes.has('checkbox') && inputTypes.has('radio')) {
                        console.warn("Alert cannot mix input types: " + (Array.from(inputTypes.values()).join('/')) + ". Please see alert docs for more info.");
                    }
                    this.inputType = inputTypes.values().next().value;
                    this.processedInputs = inputs.map(function (i, index) { return ({
                        type: i.type || 'text',
                        name: i.name || "" + index,
                        placeholder: i.placeholder || '',
                        value: i.value,
                        label: i.label,
                        checked: !!i.checked,
                        disabled: !!i.disabled,
                        id: i.id || "alert-input-" + _this.overlayIndex + "-" + index,
                        handler: i.handler,
                        min: i.min,
                        max: i.max
                    }); });
                };
                Alert.prototype.componentWillLoad = function () {
                    this.inputsChanged();
                    this.buttonsChanged();
                };
                Alert.prototype.onBackdropTap = function () {
                    this.dismiss(undefined, BACKDROP);
                };
                Alert.prototype.dispatchCancelHandler = function (ev) {
                    var role = ev.detail.role;
                    if (isCancel(role)) {
                        var cancelButton = this.processedButtons.find(function (b) { return b.role === 'cancel'; });
                        this.callButtonHandler(cancelButton);
                    }
                };
                /**
                 * Present the alert overlay after it has been created.
                 */
                Alert.prototype.present = function () {
                    return present(this, 'alertEnter', iosEnterAnimation, mdEnterAnimation);
                };
                /**
                 * Dismiss the alert overlay after it has been presented.
                 *
                 * @param data Any data to emit in the dismiss events.
                 * @param role The role of the element that is dismissing the alert.
                 * This can be useful in a button handler for determining which button was
                 * clicked to dismiss the alert.
                 * Some examples include: ``"cancel"`, `"destructive"`, "selected"`, and `"backdrop"`.
                 */
                Alert.prototype.dismiss = function (data, role) {
                    return dismiss(this, data, role, 'alertLeave', iosLeaveAnimation, mdLeaveAnimation);
                };
                /**
                 * Returns a promise that resolves when the alert did dismiss.
                 */
                Alert.prototype.onDidDismiss = function () {
                    return eventMethod(this.el, 'ionAlertDidDismiss');
                };
                /**
                 * Returns a promise that resolves when the alert will dismiss.
                 */
                Alert.prototype.onWillDismiss = function () {
                    return eventMethod(this.el, 'ionAlertWillDismiss');
                };
                Alert.prototype.rbClick = function (selectedInput) {
                    for (var _i = 0, _a = this.processedInputs; _i < _a.length; _i++) {
                        var input = _a[_i];
                        input.checked = input === selectedInput;
                    }
                    this.activeId = selectedInput.id;
                    safeCall(selectedInput.handler, selectedInput);
                    this.el.forceUpdate();
                };
                Alert.prototype.cbClick = function (selectedInput) {
                    selectedInput.checked = !selectedInput.checked;
                    safeCall(selectedInput.handler, selectedInput);
                    this.el.forceUpdate();
                };
                Alert.prototype.buttonClick = function (button) {
                    var role = button.role;
                    var values = this.getValues();
                    if (isCancel(role)) {
                        return this.dismiss({ values: values }, role);
                    }
                    var returnData = this.callButtonHandler(button, values);
                    if (returnData !== false) {
                        return this.dismiss(Object.assign({ values: values }, returnData), button.role);
                    }
                    return Promise.resolve(false);
                };
                Alert.prototype.callButtonHandler = function (button, data) {
                    if (button && button.handler) {
                        // a handler has been provided, execute it
                        // pass the handler the values from the inputs
                        var returnData = safeCall(button.handler, data);
                        if (returnData === false) {
                            // if the return value of the handler is false then do not dismiss
                            return false;
                        }
                        if (typeof returnData === 'object') {
                            return returnData;
                        }
                    }
                    return {};
                };
                Alert.prototype.getValues = function () {
                    if (this.processedInputs.length === 0) {
                        // this is an alert without any options/inputs at all
                        return undefined;
                    }
                    if (this.inputType === 'radio') {
                        // this is an alert with radio buttons (single value select)
                        // return the one value which is checked, otherwise undefined
                        var checkedInput = this.processedInputs.find(function (i) { return !!i.checked; });
                        return checkedInput ? checkedInput.value : undefined;
                    }
                    if (this.inputType === 'checkbox') {
                        // this is an alert with checkboxes (multiple value select)
                        // return an array of all the checked values
                        return this.processedInputs.filter(function (i) { return i.checked; }).map(function (i) { return i.value; });
                    }
                    // this is an alert with text inputs
                    // return an object of all the values with the input name as the key
                    var values = {};
                    this.processedInputs.forEach(function (i) {
                        values[i.name] = i.value || '';
                    });
                    return values;
                };
                Alert.prototype.renderAlertInputs = function (labelledBy) {
                    switch (this.inputType) {
                        case 'checkbox': return this.renderCheckbox(labelledBy);
                        case 'radio': return this.renderRadio(labelledBy);
                        default: return this.renderInput(labelledBy);
                    }
                };
                Alert.prototype.renderCheckbox = function (labelledby) {
                    var _this = this;
                    var inputs = this.processedInputs;
                    var mode = getIonMode(this);
                    if (inputs.length === 0) {
                        return null;
                    }
                    return (h("div", { class: "alert-checkbox-group", "aria-labelledby": labelledby }, inputs.map(function (i) { return (h("button", { type: "button", onClick: function () { return _this.cbClick(i); }, "aria-checked": "" + i.checked, id: i.id, disabled: i.disabled, tabIndex: 0, role: "checkbox", class: "alert-tappable alert-checkbox alert-checkbox-button ion-focusable" }, h("div", { class: "alert-button-inner" }, h("div", { class: "alert-checkbox-icon" }, h("div", { class: "alert-checkbox-inner" })), h("div", { class: "alert-checkbox-label" }, i.label)), mode === 'md' && h("ion-ripple-effect", null))); })));
                };
                Alert.prototype.renderRadio = function (labelledby) {
                    var _this = this;
                    var inputs = this.processedInputs;
                    if (inputs.length === 0) {
                        return null;
                    }
                    return (h("div", { class: "alert-radio-group", role: "radiogroup", "aria-labelledby": labelledby, "aria-activedescendant": this.activeId }, inputs.map(function (i) { return (h("button", { type: "button", onClick: function () { return _this.rbClick(i); }, "aria-checked": "" + i.checked, disabled: i.disabled, id: i.id, tabIndex: 0, class: "alert-radio-button alert-tappable alert-radio ion-focusable", role: "radio" }, h("div", { class: "alert-button-inner" }, h("div", { class: "alert-radio-icon" }, h("div", { class: "alert-radio-inner" })), h("div", { class: "alert-radio-label" }, i.label)))); })));
                };
                Alert.prototype.renderInput = function (labelledby) {
                    var inputs = this.processedInputs;
                    if (inputs.length === 0) {
                        return null;
                    }
                    return (h("div", { class: "alert-input-group", "aria-labelledby": labelledby }, inputs.map(function (i) { return (h("div", { class: "alert-input-wrapper" }, h("input", { placeholder: i.placeholder, value: i.value, type: i.type, min: i.min, max: i.max, onInput: function (e) { return i.value = e.target.value; }, id: i.id, disabled: i.disabled, tabIndex: 0, class: "alert-input" }))); })));
                };
                Alert.prototype.hostData = function () {
                    var _a;
                    var mode = getIonMode(this);
                    return {
                        'role': 'dialog',
                        'aria-modal': 'true',
                        style: {
                            zIndex: 20000 + this.overlayIndex,
                        },
                        class: Object.assign({}, getClassMap(this.cssClass), (_a = {}, _a[mode] = true, _a['alert-translucent'] = this.translucent, _a))
                    };
                };
                Alert.prototype.renderAlertButtons = function () {
                    var _this = this;
                    var buttons = this.processedButtons;
                    var mode = getIonMode(this);
                    var alertButtonGroupClass = {
                        'alert-button-group': true,
                        'alert-button-group-vertical': buttons.length > 2
                    };
                    return (h("div", { class: alertButtonGroupClass }, buttons.map(function (button) { return h("button", { type: "button", class: buttonClass(button), tabIndex: 0, onClick: function () { return _this.buttonClick(button); } }, h("span", { class: "alert-button-inner" }, button.text), mode === 'md' && h("ion-ripple-effect", null)); })));
                };
                Alert.prototype.__stencil_render = function () {
                    var hdrId = "alert-" + this.overlayIndex + "-hdr";
                    var subHdrId = "alert-" + this.overlayIndex + "-sub-hdr";
                    var msgId = "alert-" + this.overlayIndex + "-msg";
                    var labelledById;
                    if (this.header !== undefined) {
                        labelledById = hdrId;
                    }
                    else if (this.subHeader !== undefined) {
                        labelledById = subHdrId;
                    }
                    return [
                        h("ion-backdrop", { tappable: this.backdropDismiss }),
                        h("div", { class: "alert-wrapper" }, h("div", { class: "alert-head" }, this.header && h("h2", { id: hdrId, class: "alert-title" }, this.header), this.subHeader && h("h2", { id: subHdrId, class: "alert-sub-title" }, this.subHeader)), h("div", { id: msgId, class: "alert-message", innerHTML: sanitizeDOMString(this.message) }), this.renderAlertInputs(labelledById), this.renderAlertButtons())
                    ];
                };
                Object.defineProperty(Alert.prototype, "el", {
                    get: function () { return getElement(this); },
                    enumerable: true,
                    configurable: true
                });
                Object.defineProperty(Alert, "watchers", {
                    get: function () {
                        return {
                            "buttons": ["buttonsChanged"],
                            "inputs": ["inputsChanged"]
                        };
                    },
                    enumerable: true,
                    configurable: true
                });
                Alert.prototype.render = function () { return h(Host, this.hostData(), this.__stencil_render()); };
                Object.defineProperty(Alert, "style", {
                    get: function () { return "STYLE_TEXT_PLACEHOLDER:ion-alert"; },
                    enumerable: true,
                    configurable: true
                });
                return Alert;
            }());
            exports('ion_alert', Alert);
            var buttonClass = function (button) {
                return Object.assign({ 'alert-button': true, 'ion-focusable': true, 'ion-activatable': true }, getClassMap(button.cssClass));
            };
        }
    };
});
