System.register(['./chunk-5603b3cb.system.js', './chunk-17730780.system.js'], function (exports) {
    'use strict';
    var registerInstance, getIonMode, h, Host, openURL, createColorClasses;
    return {
        setters: [function (module) {
                registerInstance = module.r;
                getIonMode = module.f;
                h = module.h;
                Host = module.H;
            }, function (module) {
                openURL = module.o;
                createColorClasses = module.c;
            }],
        execute: function () {
            /**
             * @deprecated Use `ion-router-link` instead.
             */
            var Anchor = /** @class */ (function () {
                function Anchor(hostRef) {
                    var _this = this;
                    registerInstance(this, hostRef);
                    /**
                     * When using a router, it specifies the transition direction when navigating to
                     * another page using `href`.
                     */
                    this.routerDirection = 'forward';
                    this.onClick = function (ev) {
                        openURL(_this.href, ev, _this.routerDirection);
                    };
                }
                Anchor.prototype.componentDidLoad = function () {
                    console.warn('The <ion-anchor> component has been deprecated. Please use an <ion-router-link> if you are using a vanilla JS or Stencil project or an <a> with the Angular router.');
                };
                Anchor.prototype.render = function () {
                    var _a;
                    var mode = getIonMode(this);
                    var attrs = {
                        href: this.href,
                        rel: this.rel
                    };
                    return (h(Host, { onClick: this.onClick, class: Object.assign({}, createColorClasses(this.color), (_a = {}, _a[mode] = true, _a['ion-activatable'] = true, _a)) }, h("a", Object.assign({}, attrs), h("slot", null))));
                };
                Object.defineProperty(Anchor, "style", {
                    get: function () { return "STYLE_TEXT_PLACEHOLDER:ion-anchor"; },
                    enumerable: true,
                    configurable: true
                });
                return Anchor;
            }());
            exports('ion_anchor', Anchor);
        }
    };
});
