System.register(['./chunk-5603b3cb.system.js'], function (exports) {
    'use strict';
    var registerInstance, getIonMode, h, Host;
    return {
        setters: [function (module) {
                registerInstance = module.r;
                getIonMode = module.f;
                h = module.h;
                Host = module.H;
            }],
        execute: function () {
            var Buttons = /** @class */ (function () {
                function Buttons(hostRef) {
                    registerInstance(this, hostRef);
                }
                Buttons.prototype.hostData = function () {
                    var _a;
                    var mode = getIonMode(this);
                    return {
                        class: (_a = {},
                            _a[mode] = true,
                            _a)
                    };
                };
                Buttons.prototype.render = function () { return h(Host, this.hostData()); };
                Object.defineProperty(Buttons, "style", {
                    get: function () { return "STYLE_TEXT_PLACEHOLDER:ion-buttons"; },
                    enumerable: true,
                    configurable: true
                });
                return Buttons;
            }());
            exports('ion_buttons', Buttons);
        }
    };
});
