var __awaiter = (this && this.__awaiter) || function (thisArg, _arguments, P, generator) {
    return new (P || (P = Promise))(function (resolve, reject) {
        function fulfilled(value) { try { step(generator.next(value)); } catch (e) { reject(e); } }
        function rejected(value) { try { step(generator["throw"](value)); } catch (e) { reject(e); } }
        function step(result) { result.done ? resolve(result.value) : new P(function (resolve) { resolve(result.value); }).then(fulfilled, rejected); }
        step((generator = generator.apply(thisArg, _arguments || [])).next());
    });
};
var __generator = (this && this.__generator) || function (thisArg, body) {
    var _ = { label: 0, sent: function() { if (t[0] & 1) throw t[1]; return t[1]; }, trys: [], ops: [] }, f, y, t, g;
    return g = { next: verb(0), "throw": verb(1), "return": verb(2) }, typeof Symbol === "function" && (g[Symbol.iterator] = function() { return this; }), g;
    function verb(n) { return function (v) { return step([n, v]); }; }
    function step(op) {
        if (f) throw new TypeError("Generator is already executing.");
        while (_) try {
            if (f = 1, y && (t = op[0] & 2 ? y["return"] : op[0] ? y["throw"] || ((t = y["return"]) && t.call(y), 0) : y.next) && !(t = t.call(y, op[1])).done) return t;
            if (y = 0, t) op = [op[0] & 2, t.value];
            switch (op[0]) {
                case 0: case 1: t = op; break;
                case 4: _.label++; return { value: op[1], done: false };
                case 5: _.label++; y = op[1]; op = [0]; continue;
                case 7: op = _.ops.pop(); _.trys.pop(); continue;
                default:
                    if (!(t = _.trys, t = t.length > 0 && t[t.length - 1]) && (op[0] === 6 || op[0] === 2)) { _ = 0; continue; }
                    if (op[0] === 3 && (!t || (op[1] > t[0] && op[1] < t[3]))) { _.label = op[1]; break; }
                    if (op[0] === 6 && _.label < t[1]) { _.label = t[1]; t = op; break; }
                    if (t && _.label < t[2]) { _.label = t[2]; _.ops.push(op); break; }
                    if (t[2]) _.ops.pop();
                    _.trys.pop(); continue;
            }
            op = body.call(thisArg, _);
        } catch (e) { op = [6, e]; y = 0; } finally { f = t = 0; }
        if (op[0] & 5) throw op[1]; return { value: op[0] ? op[1] : void 0, done: true };
    }
};
System.register(['./chunk-5603b3cb.system.js', './chunk-17730780.system.js'], function (exports) {
    'use strict';
    var registerInstance, getIonMode, config, h, Host, getElement, openURL, createColorClasses;
    return {
        setters: [function (module) {
                registerInstance = module.r;
                getIonMode = module.f;
                config = module.e;
                h = module.h;
                Host = module.H;
                getElement = module.c;
            }, function (module) {
                openURL = module.o;
                createColorClasses = module.c;
            }],
        execute: function () {
            /**
             * @virtualProp {"ios" | "md"} mode - The mode determines which platform styles to use.
             */
            var BackButton = /** @class */ (function () {
                function BackButton(hostRef) {
                    var _this = this;
                    registerInstance(this, hostRef);
                    this.mode = getIonMode(this);
                    /**
                     * If `true`, the user cannot interact with the button.
                     */
                    this.disabled = false;
                    /**
                     * The type of the button.
                     */
                    this.type = 'button';
                    this.onClick = function (ev) { return __awaiter(_this, void 0, void 0, function () {
                        var nav, _a;
                        return __generator(this, function (_b) {
                            switch (_b.label) {
                                case 0:
                                    nav = this.el.closest('ion-nav');
                                    ev.preventDefault();
                                    _a = nav;
                                    if (!_a) return [3 /*break*/, 2];
                                    return [4 /*yield*/, nav.canGoBack()];
                                case 1:
                                    _a = (_b.sent());
                                    _b.label = 2;
                                case 2:
                                    if (_a) {
                                        return [2 /*return*/, nav.pop({ skipIfBusy: true })];
                                    }
                                    return [2 /*return*/, openURL(this.defaultHref, ev, 'back')];
                            }
                        });
                    }); };
                }
                Object.defineProperty(BackButton.prototype, "backButtonIcon", {
                    get: function () {
                        return this.icon != null ? this.icon : config.get('backButtonIcon', 'arrow-back');
                    },
                    enumerable: true,
                    configurable: true
                });
                Object.defineProperty(BackButton.prototype, "backButtonText", {
                    get: function () {
                        var defaultBackButtonText = this.mode === 'ios' ? 'Back' : null;
                        return this.text != null ? this.text : config.get('backButtonText', defaultBackButtonText);
                    },
                    enumerable: true,
                    configurable: true
                });
                Object.defineProperty(BackButton.prototype, "hasIconOnly", {
                    get: function () {
                        return this.backButtonIcon && !this.backButtonText;
                    },
                    enumerable: true,
                    configurable: true
                });
                Object.defineProperty(BackButton.prototype, "rippleType", {
                    get: function () {
                        // If the button only has an icon we use the unbounded
                        // "circular" ripple effect
                        if (this.hasIconOnly) {
                            return 'unbounded';
                        }
                        return 'bounded';
                    },
                    enumerable: true,
                    configurable: true
                });
                BackButton.prototype.render = function () {
                    var _a;
                    var _b = this, color = _b.color, defaultHref = _b.defaultHref, disabled = _b.disabled, type = _b.type, mode = _b.mode, hasIconOnly = _b.hasIconOnly, backButtonIcon = _b.backButtonIcon, backButtonText = _b.backButtonText;
                    var showBackButton = defaultHref !== undefined;
                    return (h(Host, { onClick: this.onClick, class: Object.assign({}, createColorClasses(color), (_a = {}, _a[mode] = true, _a['button'] = true, _a['back-button-disabled'] = disabled, _a['back-button-has-icon-only'] = hasIconOnly, _a['ion-activatable'] = true, _a['ion-focusable'] = true, _a['show-back-button'] = showBackButton, _a)) }, h("button", { type: type, disabled: disabled, class: "button-native" }, h("span", { class: "button-inner" }, backButtonIcon && h("ion-icon", { icon: backButtonIcon, lazy: false }), backButtonText && h("span", { class: "button-text" }, backButtonText)), mode === 'md' && h("ion-ripple-effect", { type: this.rippleType }))));
                };
                Object.defineProperty(BackButton.prototype, "el", {
                    get: function () { return getElement(this); },
                    enumerable: true,
                    configurable: true
                });
                Object.defineProperty(BackButton, "style", {
                    get: function () { return "STYLE_TEXT_PLACEHOLDER:ion-back-button"; },
                    enumerable: true,
                    configurable: true
                });
                return BackButton;
            }());
            exports('ion_back_button', BackButton);
        }
    };
});
