System.register(['./chunk-5603b3cb.system.js'], function (exports) {
    'use strict';
    var registerInstance, getIonMode, h, Host;
    return {
        setters: [function (module) {
                registerInstance = module.r;
                getIonMode = module.f;
                h = module.h;
                Host = module.H;
            }],
        execute: function () {
            /**
             * @virtualProp {"ios" | "md"} mode - The mode determines which platform styles to use.
             */
            var Footer = /** @class */ (function () {
                function Footer(hostRef) {
                    registerInstance(this, hostRef);
                    /**
                     * If `true`, the footer will be translucent. Only applies to `ios` mode.
                     * Note: In order to scroll content behind the footer, the `fullscreen`
                     * attribute needs to be set on the content.
                     */
                    this.translucent = false;
                }
                Footer.prototype.hostData = function () {
                    var _a;
                    var mode = getIonMode(this);
                    return {
                        class: (_a = {},
                            _a[mode] = true,
                            // Used internally for styling
                            _a["footer-" + mode] = true,
                            _a["footer-translucent"] = this.translucent,
                            _a["footer-translucent-" + mode] = this.translucent,
                            _a)
                    };
                };
                Footer.prototype.render = function () { return h(Host, this.hostData()); };
                Object.defineProperty(Footer, "style", {
                    get: function () { return "STYLE_TEXT_PLACEHOLDER:ion-footer"; },
                    enumerable: true,
                    configurable: true
                });
                return Footer;
            }());
            exports('ion_footer', Footer);
        }
    };
});
